#
# A fatal error has been detected by the Java Runtime Environment:
#
#  EXCEPTION_ACCESS_VIOLATION (0xc0000005) at pc=0x00007ffddbd219a0, pid=40036, tid=38772
#
# JRE version: OpenJDK Runtime Environment Temurin-17.0.13+11 (17.0.13+11) (build 17.0.13+11)
# Java VM: OpenJDK 64-Bit Server VM Temurin-17.0.13+11 (17.0.13+11, mixed mode, tiered, compressed oops, compressed class ptrs, parallel gc, windows-amd64)
# Problematic frame:
# V  [jvm.dll+0x1d19a0]
#
# No core dump will be written. Minidumps are not enabled by default on client versions of Windows
#
# If you would like to submit a bug report, please visit:
#   https://github.com/adoptium/adoptium-support/issues
#

---------------  S U M M A R Y ------------

Command Line: --add-modules=ALL-SYSTEM --add-opens=java.base/java.util=ALL-UNNAMED --add-opens=java.base/java.lang=ALL-UNNAMED --add-opens=java.base/sun.nio.fs=ALL-UNNAMED -Declipse.application=org.eclipse.jdt.ls.core.id1 -Dosgi.bundles.defaultStartLevel=4 -Declipse.product=org.eclipse.jdt.ls.core.product -Djava.import.generatesMetadataFilesAtProjectRoot=false -DDetectVMInstallationsJob.disabled=true -Dfile.encoding=utf8 -XX:+UseParallelGC -XX:GCTimeRatio=4 -XX:AdaptiveSizePolicyWeight=90 -Dsun.zip.disableMemoryMapping=true -Xmx1G -Xms100m -Xlog:disable -javaagent:c:\Users\Desktop-1\.vscode\extensions\redhat.java-1.36.0-win32-x64\lombok\lombok-1.18.35.jar -XX:+HeapDumpOnOutOfMemoryError -XX:HeapDumpPath=c:\Users\Desktop-1\AppData\Roaming\Code\User\workspaceStorage\eaa905d4be386f0d67885a7c4810b5fb\redhat.java -Daether.dependencyCollector.impl=bf c:\Users\Desktop-1\.vscode\extensions\redhat.java-1.36.0-win32-x64\server\plugins\org.eclipse.equinox.launcher_1.6.900.v20240613-2009.jar -configuration c:\Users\Desktop-1\AppData\Roaming\Code\User\globalStorage\redhat.java\1.36.0\config_win -data c:\Users\Desktop-1\AppData\Roaming\Code\User\workspaceStorage\eaa905d4be386f0d67885a7c4810b5fb\redhat.java\jdt_ws --pipe=\\.\pipe\lsp-523a9aa901b23ac78f96cec3e19fcacc-sock

Host: 13th Gen Intel(R) Core(TM) i5-13600K, 20 cores, 63G,  Windows 11 , 64 bit Build 22621 (10.0.22621.4391)
Time: Wed Nov 20 21:06:56 2024 Pacific Standard Time elapsed time: 1598.601703 seconds (0d 0h 26m 38s)

---------------  T H R E A D  ---------------

Current thread (0x0000019451c0c300):  JavaThread "C2 CompilerThread0" daemon [_thread_in_vm, id=38772, stack(0x0000005e15e00000,0x0000005e15f00000)]


Current CompileTask:
C2:1598601 18295       4       org.eclipse.jdt.ls.core.internal.text.correction.CodeActionComparator::getCodeActionKindOrdinal (54 bytes)

Stack: [0x0000005e15e00000,0x0000005e15f00000],  sp=0x0000005e15efd130,  free space=1012k
Native frames: (J=compiled Java code, j=interpreted, Vv=VM code, C=native code)
V  [jvm.dll+0x1d19a0]
V  [jvm.dll+0x1d0920]
V  [jvm.dll+0x1cdc66]
V  [jvm.dll+0x68ff33]
V  [jvm.dll+0x1a5f6c]
V  [jvm.dll+0x1a6ac8]
V  [jvm.dll+0x2aba7c]
V  [jvm.dll+0x69afc8]
V  [jvm.dll+0x692d83]
V  [jvm.dll+0x692620]
V  [jvm.dll+0x690442]
V  [jvm.dll+0x1a5f6c]
V  [jvm.dll+0x217038]
V  [jvm.dll+0x1a3070]
V  [jvm.dll+0x22788c]
V  [jvm.dll+0x2259eb]
V  [jvm.dll+0x7eec98]
V  [jvm.dll+0x7e8ffc]
V  [jvm.dll+0x6818f7]
C  [ucrtbase.dll+0x29333]
C  [KERNEL32.DLL+0x1259d]
C  [ntdll.dll+0x5af38]


siginfo: EXCEPTION_ACCESS_VIOLATION (0xc0000005), reading address 0x0000008000000098


Registers:
RAX=0x000001944d4afbc0, RBX=0x00000194574a6210, RCX=0x00000194574a6220, RDX=0x00000194574a6220
RSP=0x0000005e15efd130, RBP=0x0000000000000004, RSI=0x0000000000000000, RDI=0x0000000000000001
R8 =0x00007ffddc487b08, R9 =0x00007ffddbb50000, R10=0x0000019451bf71b0, R11=0x000001944d009190
R12=0x00000194574a6220, R13=0x0000019451bfd658, R14=0x0000000000000020, R15=0x0000008000000000
RIP=0x00007ffddbd219a0, EFLAGS=0x0000000000010206


Register to memory mapping:

RIP=0x00007ffddbd219a0 jvm.dll
RAX=0x000001944d4afbc0 is pointing into metadata
RBX=0x00000194574a6210 points into unknown readable memory: 0x00007ffddc487b08 | 08 7b 48 dc fd 7f 00 00
RCX=0x00000194574a6220 points into unknown readable memory: 0x00007ffddc487378 | 78 73 48 dc fd 7f 00 00
RDX=0x00000194574a6220 points into unknown readable memory: 0x00007ffddc487378 | 78 73 48 dc fd 7f 00 00
RSP=0x0000005e15efd130 is pointing into the stack for thread: 0x0000019451c0c300
RBP=0x0000000000000004 is an unknown value
RSI=0x0 is NULL
RDI=0x0000000000000001 is an unknown value
R8 =0x00007ffddc487b08 jvm.dll
R9 =0x00007ffddbb50000 jvm.dll
R10=0x0000019451bf71b0 points into unknown readable memory: 0x0000001e00000002 | 02 00 00 00 1e 00 00 00
R11={method} {0x000001944d009198} 'startsWith' '(Ljava/lang/String;)Z' in 'java/lang/String'
R12=0x00000194574a6220 points into unknown readable memory: 0x00007ffddc487378 | 78 73 48 dc fd 7f 00 00
R13=0x0000019451bfd658 points into unknown readable memory: 0x0000019438c155a0 | a0 55 c1 38 94 01 00 00
R14=0x0000000000000020 is an unknown value
R15=0x0000008000000000 is an unknown value


Top of Stack: (sp=0x0000005e15efd130)
0x0000005e15efd130:   000001944c88ae88 000001944c88afd8
0x0000005e15efd140:   00000194574a6210 00007ffddc18b16e
0x0000005e15efd150:   0000019438c155c0 0000019438c155f0
0x0000005e15efd160:   00000194574a6210 0000019464d22630
0x0000005e15efd170:   0000005e15eff5c8 00007ffddbd20920
0x0000005e15efd180:   000001944d4afab8 0000019451bd63b0
0x0000005e15efd190:   00000194574a6220 000001944d4afab8
0x0000005e15efd1a0:   0000019451c0c300 00007ffddbd24607
0x0000005e15efd1b0:   00000194574a6210 00000194574a9e98
0x0000005e15efd1c0:   0000000000000000 00007ffddbd242d0
0x0000005e15efd1d0:   0000000000000085 0000000000000020
0x0000005e15efd1e0:   0000019456692f30 0000000000000000
0x0000005e15efd1f0:   0000000000000000 0000019456692f30
0x0000005e15efd200:   0000019451c0c300 0000019438c155a0
0x0000005e15efd210:   0000000000000000 00007ffddbd1dc66
0x0000005e15efd220:   0000019438c155c0 0000019451bd63b0
0x0000005e15efd230:   00000194574a1eb0 00000000000083b0
0x0000005e15efd240:   000001944d009190 0000019451c0c300
0x0000005e15efd250:   0000019451df4fc0 0000019456692f30
0x0000005e15efd260:   0000019451df4f80 00007ffddc1dff33
0x0000005e15efd270:   000001944d009190 0000019464d21ec8
0x0000005e15efd280:   0000005e15efd310 0000019458a416f0
0x0000005e15efd290:   000001945641ccc0 00007ffddc34bd31
0x0000005e15efd2a0:   0000019451c11090 00007ffddc34ba8b
0x0000005e15efd2b0:   0000000000000000 0000000000000000
0x0000005e15efd2c0:   0000019451df4fc0 0000005e15efe070
0x0000005e15efd2d0:   0000000000000000 0000019451df4ea0
0x0000005e15efd2e0:   0000005e15efd519 00007ffddbcf5f6c
0x0000005e15efd2f0:   0000019451df4f80 0000000000000000
0x0000005e15efd300:   0000005e15efeac0 0000019458a416f0
0x0000005e15efd310:   00007ffddc502000 0000000000000001
0x0000005e15efd320:   0000005e15efeac0 0000005e15eff5c0 

Instructions: (pc=0x00007ffddbd219a0)
0x00007ffddbd218a0:   8b f9 48 83 e7 fc 74 5a 65 48 8b 04 25 58 00 00
0x00007ffddbd218b0:   00 8b 0d c1 ab 9f 00 48 89 74 24 30 48 8b 34 c8
0x00007ffddbd218c0:   b8 50 00 00 00 80 3c 30 00 75 05 e8 e8 34 6c 00
0x00007ffddbd218d0:   b8 20 00 00 00 48 8b d7 48 8b 04 30 48 8b 88 e0
0x00007ffddbd218e0:   04 00 00 48 8b 49 38 e8 64 29 00 00 48 8b 74 24
0x00007ffddbd218f0:   30 83 e3 03 48 0b c3 48 8b 5c 24 38 48 83 c4 20
0x00007ffddbd21900:   5f c3 83 e3 03 8b c3 48 8b 5c 24 38 48 83 c4 20
0x00007ffddbd21910:   5f c3 cc cc cc cc cc cc cc cc cc cc cc cc cc cc
0x00007ffddbd21920:   40 53 56 57 41 54 48 83 ec 28 33 f6 4c 8b e2 39
0x00007ffddbd21930:   35 03 03 95 00 48 8b d9 8b fe 0f 86 13 01 00 00
0x00007ffddbd21940:   8b 0d 32 ab 9f 00 65 48 8b 04 25 58 00 00 00 48
0x00007ffddbd21950:   89 6c 24 50 8d 6e 02 4c 89 6c 24 58 4c 89 74 24
0x00007ffddbd21960:   60 4c 8d 2c c8 4c 89 7c 24 20 66 0f 1f 44 00 00
0x00007ffddbd21970:   49 8b 04 24 49 8b cc ff 50 20 84 c0 48 8b ce 48
0x00007ffddbd21980:   63 c5 49 0f 45 cc 4c 8d 34 c5 00 00 00 00 48 8b
0x00007ffddbd21990:   41 08 4e 8b 7c 30 08 4d 85 ff 0f 84 85 00 00 00
0x00007ffddbd219a0:   49 8b 8f 98 00 00 00 e8 e4 1d 02 00 84 c0 74 3d
0x00007ffddbd219b0:   49 8b 75 00 b8 50 00 00 00 80 3c 30 00 75 05 e8
0x00007ffddbd219c0:   f4 33 6c 00 b8 20 00 00 00 49 8b d7 48 8b 0c 30
0x00007ffddbd219d0:   48 8b 89 e0 04 00 00 48 8b 49 38 e8 70 28 00 00
0x00007ffddbd219e0:   48 8b 4b 08 33 f6 4a 89 44 31 08 eb 41 48 8b 43
0x00007ffddbd219f0:   08 48 89 70 08 48 63 c7 48 8d 0c 00 48 8b 43 08
0x00007ffddbd21a00:   48 89 74 c8 18 48 8b 43 08 48 89 74 c8 20 48 8b
0x00007ffddbd21a10:   cb 48 8b 03 ff 50 28 84 c0 75 13 48 8b 43 08 48
0x00007ffddbd21a20:   89 70 10 eb 09 48 8b 43 08 4a 89 74 30 08 ff c7
0x00007ffddbd21a30:   83 c5 02 3b 3d ff 01 95 00 0f 82 31 ff ff ff 4c
0x00007ffddbd21a40:   8b 7c 24 20 4c 8b 74 24 60 4c 8b 6c 24 58 48 8b
0x00007ffddbd21a50:   6c 24 50 48 83 c4 28 41 5c 5f 5e 5b c3 cc cc cc
0x00007ffddbd21a60:   48 89 5c 24 08 57 48 83 ec 20 4c 63 42 08 48 8b
0x00007ffddbd21a70:   f9 48 8b 02 48 8b 50 08 4a 8b 5c c2 08 48 8b cb
0x00007ffddbd21a80:   48 83 e1 fc 74 2e 48 8b 89 98 00 00 00 e8 fe 1c
0x00007ffddbd21a90:   02 00 84 c0 75 1e 48 8b 07 83 e3 03 48 63 57 08 


Stack slot to memory mapping:
stack at sp + 0 slots: 0x000001944c88ae88 points into unknown readable memory: 0x4c28001509c4ffff | ff ff c4 09 15 00 28 4c
stack at sp + 1 slots: 0x000001944c88afd8 points into unknown readable memory: 0x7473000a2d48ffff | ff ff 48 2d 0a 00 73 74
stack at sp + 2 slots: 0x00000194574a6210 points into unknown readable memory: 0x00007ffddc487b08 | 08 7b 48 dc fd 7f 00 00
stack at sp + 3 slots: 0x00007ffddc18b16e jvm.dll
stack at sp + 4 slots: 0x0000019438c155c0 points into unknown readable memory: 0x0000019451c0c300 | 00 c3 c0 51 94 01 00 00
stack at sp + 5 slots: 0x0000019438c155f0 points into unknown readable memory: 0x8000000700000001 | 01 00 00 00 07 00 00 80
stack at sp + 6 slots: 0x00000194574a6210 points into unknown readable memory: 0x00007ffddc487b08 | 08 7b 48 dc fd 7f 00 00
stack at sp + 7 slots: 0x0000019464d22630 points into unknown readable memory: 0x00007ffddc487f68 | 68 7f 48 dc fd 7f 00 00


---------------  P R O C E S S  ---------------

Threads class SMR info:
_java_thread_list=0x0000019459f4c120, length=87, elements={
0x0000019438bf6ac0, 0x000001944ca77030, 0x0000019451bc69d0, 0x0000019451be1b10,
0x0000019451bfdf10, 0x0000019451c02a30, 0x0000019451c02f40, 0x0000019451c0c300,
0x000001944ca77fd0, 0x000001944ca790c0, 0x0000019451c03960, 0x0000019451c02010,
0x0000019451c04890, 0x0000019451c04380, 0x0000019451c02520, 0x0000019451c03e70,
0x0000019451c010e0, 0x0000019451c015f0, 0x0000019455130280, 0x000001945512e930,
0x0000019455130790, 0x000001945512d4f0, 0x0000019455132b00, 0x000001945512fd70,
0x000001945512da00, 0x0000019455130ca0, 0x0000019455133010, 0x00000194551311b0,
0x00000194551316c0, 0x000001945512df10, 0x000001945512e420, 0x00000194551325f0,
0x0000019455131bd0, 0x0000019455133a30, 0x000001945512c5c0, 0x000001945512ee40,
0x00000194551320e0, 0x0000019455133520, 0x000001945512cad0, 0x000001945657b880,
0x0000019456579a20, 0x000001945657bd90, 0x000001945657c2a0, 0x000001945657ccc0,
0x000001945657c7b0, 0x000001945657e610, 0x00000194565780d0, 0x000001945657a950,
0x000001945657b370, 0x000001945657fa50, 0x0000019456579000, 0x000001945657dbf0,
0x00000194565785e0, 0x0000019456579510, 0x0000019459c49350, 0x0000019459c460b0,
0x0000019459c45690, 0x0000019459c474f0, 0x0000019459c48930, 0x0000019459c49860,
0x0000019459c47f10, 0x0000019462e600c0, 0x0000019462e60ff0, 0x0000019462e66600,
0x0000019462e62430, 0x0000019462e647a0, 0x0000019462e62e50, 0x0000019462e60ae0,
0x0000019462e61500, 0x0000019459c46fe0, 0x0000019459c44c70, 0x0000019459c465c0,
0x0000019459c45ba0, 0x0000019459c46ad0, 0x0000019459c48e40, 0x0000019459c49d70,
0x0000019459c42900, 0x0000019459c4a280, 0x0000019459c42e10, 0x0000019459c43320,
0x0000019459c45180, 0x0000019459c43830, 0x0000019462e66b10, 0x0000019462e63360,
0x0000019462e67530, 0x0000019462e67a40, 0x0000019462e605d0
}

Java Threads: ( => current thread )
  0x0000019438bf6ac0 JavaThread "main" [_thread_blocked, id=40168, stack(0x0000005e15500000,0x0000005e15600000)]
  0x000001944ca77030 JavaThread "Reference Handler" daemon [_thread_blocked, id=40136, stack(0x0000005e15800000,0x0000005e15900000)]
  0x0000019451bc69d0 JavaThread "Finalizer" daemon [_thread_blocked, id=40140, stack(0x0000005e15900000,0x0000005e15a00000)]
  0x0000019451be1b10 JavaThread "Signal Dispatcher" daemon [_thread_blocked, id=32136, stack(0x0000005e15a00000,0x0000005e15b00000)]
  0x0000019451bfdf10 JavaThread "Attach Listener" daemon [_thread_blocked, id=30232, stack(0x0000005e15b00000,0x0000005e15c00000)]
  0x0000019451c02a30 JavaThread "Service Thread" daemon [_thread_blocked, id=21952, stack(0x0000005e15c00000,0x0000005e15d00000)]
  0x0000019451c02f40 JavaThread "Monitor Deflation Thread" daemon [_thread_blocked, id=36700, stack(0x0000005e15d00000,0x0000005e15e00000)]
=>0x0000019451c0c300 JavaThread "C2 CompilerThread0" daemon [_thread_in_vm, id=38772, stack(0x0000005e15e00000,0x0000005e15f00000)]
  0x000001944ca77fd0 JavaThread "C1 CompilerThread0" daemon [_thread_blocked, id=40092, stack(0x0000005e15f00000,0x0000005e16000000)]
  0x000001944ca790c0 JavaThread "Sweeper thread" daemon [_thread_blocked, id=22524, stack(0x0000005e16000000,0x0000005e16100000)]
  0x0000019451c03960 JavaThread "Common-Cleaner" daemon [_thread_blocked, id=29760, stack(0x0000005e16100000,0x0000005e16200000)]
  0x0000019451c02010 JavaThread "Notification Thread" daemon [_thread_blocked, id=4548, stack(0x0000005e16600000,0x0000005e16700000)]
  0x0000019451c04890 JavaThread "Active Thread: Equinox Container: e97d46e2-85ca-46fc-9c3c-7070b68db2e6" [_thread_blocked, id=36648, stack(0x0000005e16f00000,0x0000005e17000000)]
  0x0000019451c04380 JavaThread "Refresh Thread: Equinox Container: e97d46e2-85ca-46fc-9c3c-7070b68db2e6" daemon [_thread_blocked, id=38412, stack(0x0000005e16300000,0x0000005e16400000)]
  0x0000019451c02520 JavaThread "Framework Event Dispatcher: Equinox Container: e97d46e2-85ca-46fc-9c3c-7070b68db2e6" daemon [_thread_blocked, id=40452, stack(0x0000005e16e00000,0x0000005e16f00000)]
  0x0000019451c03e70 JavaThread "Start Level: Equinox Container: e97d46e2-85ca-46fc-9c3c-7070b68db2e6" daemon [_thread_blocked, id=40728, stack(0x0000005e17000000,0x0000005e17100000)]
  0x0000019451c010e0 JavaThread "Bundle File Closer" daemon [_thread_blocked, id=37484, stack(0x0000005e17200000,0x0000005e17300000)]
  0x0000019451c015f0 JavaThread "SCR Component Actor" daemon [_thread_blocked, id=36424, stack(0x0000005e17100000,0x0000005e17200000)]
  0x0000019455130280 JavaThread "Worker-JM" [_thread_blocked, id=3056, stack(0x0000005e17a00000,0x0000005e17b00000)]
  0x000001945512e930 JavaThread "Java indexing" daemon [_thread_blocked, id=40240, stack(0x0000005e18200000,0x0000005e18300000)]
  0x0000019455130790 JavaThread "JNA Cleaner" daemon [_thread_blocked, id=28256, stack(0x0000005e18300000,0x0000005e18400000)]
  0x000001945512d4f0 JavaThread "Thread-2" daemon [_thread_in_native, id=18352, stack(0x0000005e18400000,0x0000005e18500000)]
  0x0000019455132b00 JavaThread "Thread-3" daemon [_thread_in_native, id=38908, stack(0x0000005e18500000,0x0000005e18600000)]
  0x000001945512fd70 JavaThread "Thread-4" daemon [_thread_in_native, id=37000, stack(0x0000005e18600000,0x0000005e18700000)]
  0x000001945512da00 JavaThread "Thread-5" daemon [_thread_in_native, id=7876, stack(0x0000005e18700000,0x0000005e18800000)]
  0x0000019455130ca0 JavaThread "Thread-6" daemon [_thread_in_native, id=38528, stack(0x0000005e18800000,0x0000005e18900000)]
  0x0000019455133010 JavaThread "Thread-7" daemon [_thread_in_native, id=37488, stack(0x0000005e18900000,0x0000005e18a00000)]
  0x00000194551311b0 JavaThread "Thread-8" daemon [_thread_in_native, id=40072, stack(0x0000005e18a00000,0x0000005e18b00000)]
  0x00000194551316c0 JavaThread "Thread-9" daemon [_thread_in_native, id=40424, stack(0x0000005e18b00000,0x0000005e18c00000)]
  0x000001945512df10 JavaThread "Thread-10" daemon [_thread_in_native, id=40396, stack(0x0000005e18c00000,0x0000005e18d00000)]
  0x000001945512e420 JavaThread "Thread-11" daemon [_thread_in_native, id=14328, stack(0x0000005e18d00000,0x0000005e18e00000)]
  0x00000194551325f0 JavaThread "Thread-12" daemon [_thread_in_native, id=30392, stack(0x0000005e18e00000,0x0000005e18f00000)]
  0x0000019455131bd0 JavaThread "Thread-13" daemon [_thread_in_native, id=40708, stack(0x0000005e18f00000,0x0000005e19000000)]
  0x0000019455133a30 JavaThread "Thread-14" daemon [_thread_in_native, id=30296, stack(0x0000005e19000000,0x0000005e19100000)]
  0x000001945512c5c0 JavaThread "Thread-15" daemon [_thread_in_native, id=40244, stack(0x0000005e19100000,0x0000005e19200000)]
  0x000001945512ee40 JavaThread "Thread-16" daemon [_thread_in_native, id=36548, stack(0x0000005e19200000,0x0000005e19300000)]
  0x00000194551320e0 JavaThread "Thread-17" daemon [_thread_in_native, id=16832, stack(0x0000005e19300000,0x0000005e19400000)]
  0x0000019455133520 JavaThread "Thread-18" daemon [_thread_in_native, id=31772, stack(0x0000005e19400000,0x0000005e19500000)]
  0x000001945512cad0 JavaThread "Thread-19" daemon [_thread_in_native, id=40640, stack(0x0000005e19500000,0x0000005e19600000)]
  0x000001945657b880 JavaThread "Thread-20" daemon [_thread_in_native, id=7200, stack(0x0000005e19600000,0x0000005e19700000)]
  0x0000019456579a20 JavaThread "Thread-21" daemon [_thread_in_native, id=40156, stack(0x0000005e19700000,0x0000005e19800000)]
  0x000001945657bd90 JavaThread "Thread-22" daemon [_thread_in_native, id=38576, stack(0x0000005e19800000,0x0000005e19900000)]
  0x000001945657c2a0 JavaThread "pool-2-thread-1" [_thread_blocked, id=37828, stack(0x0000005e19900000,0x0000005e19a00000)]
  0x000001945657ccc0 JavaThread "WorkspaceEventsHandler" [_thread_blocked, id=19376, stack(0x0000005e19a00000,0x0000005e19b00000)]
  0x000001945657c7b0 JavaThread "pool-1-thread-1" [_thread_blocked, id=40884, stack(0x0000005e19b00000,0x0000005e19c00000)]
  0x000001945657e610 JavaThread "ForkJoinPool.commonPool-worker-1" daemon [_thread_blocked, id=38368, stack(0x0000005e1a400000,0x0000005e1a500000)]
  0x00000194565780d0 JavaThread "ForkJoinPool.commonPool-worker-2" daemon [_thread_blocked, id=13752, stack(0x0000005e1a500000,0x0000005e1a600000)]
  0x000001945657a950 JavaThread "ForkJoinPool.commonPool-worker-3" daemon [_thread_blocked, id=12640, stack(0x0000005e1a700000,0x0000005e1a800000)]
  0x000001945657b370 JavaThread "ForkJoinPool.commonPool-worker-4" daemon [_thread_blocked, id=28652, stack(0x0000005e1a800000,0x0000005e1a900000)]
  0x000001945657fa50 JavaThread "ForkJoinPool.commonPool-worker-5" daemon [_thread_blocked, id=1664, stack(0x0000005e1a900000,0x0000005e1aa00000)]
  0x0000019456579000 JavaThread "ForkJoinPool.commonPool-worker-6" daemon [_thread_blocked, id=39728, stack(0x0000005e1aa00000,0x0000005e1ab00000)]
  0x000001945657dbf0 JavaThread "ForkJoinPool.commonPool-worker-7" daemon [_thread_blocked, id=27716, stack(0x0000005e1ab00000,0x0000005e1ac00000)]
  0x00000194565785e0 JavaThread "ForkJoinPool.commonPool-worker-8" daemon [_thread_blocked, id=40368, stack(0x0000005e1ac00000,0x0000005e1ad00000)]
  0x0000019456579510 JavaThread "ForkJoinPool.commonPool-worker-9" daemon [_thread_blocked, id=39428, stack(0x0000005e1ad00000,0x0000005e1ae00000)]
  0x0000019459c49350 JavaThread "Cleaner-0" daemon [_thread_blocked, id=6184, stack(0x0000005e1af00000,0x0000005e1b000000)]
  0x0000019459c460b0 JavaThread "ForkJoinPool.commonPool-worker-12" daemon [_thread_blocked, id=29076, stack(0x0000005e17300000,0x0000005e17400000)]
  0x0000019459c45690 JavaThread "Java Debug Server" daemon [_thread_in_native, id=25680, stack(0x0000005e17400000,0x0000005e17500000)]
  0x0000019459c474f0 JavaThread "RxSchedulerPurge-1" daemon [_thread_blocked, id=40360, stack(0x0000005e18100000,0x0000005e18200000)]
  0x0000019459c48930 JavaThread "RxCachedWorkerPoolEvictor-1" daemon [_thread_blocked, id=12272, stack(0x0000005e19c00000,0x0000005e19d00000)]
  0x0000019459c49860 JavaThread "ForkJoinPool.commonPool-worker-13" daemon [_thread_blocked, id=13968, stack(0x0000005e15300000,0x0000005e15400000)]
  0x0000019459c47f10 JavaThread "ForkJoinPool.commonPool-worker-15" daemon [_thread_blocked, id=40784, stack(0x0000005e17f00000,0x0000005e18000000)]
  0x0000019462e600c0 JavaThread "ForkJoinPool.commonPool-worker-24" daemon [_thread_blocked, id=41904, stack(0x0000005e16200000,0x0000005e16300000)]
  0x0000019462e60ff0 JavaThread "ForkJoinPool.commonPool-worker-25" daemon [_thread_blocked, id=36128, stack(0x0000005e19d00000,0x0000005e19e00000)]
  0x0000019462e66600 JavaThread "Worker-10" [_thread_blocked, id=21136, stack(0x0000005e19e00000,0x0000005e19f00000)]
  0x0000019462e62430 JavaThread "ForkJoinPool.commonPool-worker-26" daemon [_thread_blocked, id=41376, stack(0x0000005e1a100000,0x0000005e1a200000)]
  0x0000019462e647a0 JavaThread "ForkJoinPool.commonPool-worker-27" daemon [_thread_blocked, id=41668, stack(0x0000005e15200000,0x0000005e15300000)]
  0x0000019462e62e50 JavaThread "ForkJoinPool.commonPool-worker-29" daemon [_thread_blocked, id=22096, stack(0x0000005e17b00000,0x0000005e17c00000)]
  0x0000019462e60ae0 JavaThread "ForkJoinPool.commonPool-worker-30" daemon [_thread_blocked, id=31472, stack(0x0000005e1a300000,0x0000005e1a400000)]
  0x0000019462e61500 JavaThread "Worker-11" [_thread_blocked, id=43536, stack(0x0000005e15400000,0x0000005e15500000)]
  0x0000019459c46fe0 JavaThread "ForkJoinPool.commonPool-worker-31" daemon [_thread_blocked, id=42668, stack(0x0000005e17500000,0x0000005e17600000)]
  0x0000019459c44c70 JavaThread "Compiler Source File Reader" daemon [_thread_blocked, id=34908, stack(0x0000005e17600000,0x0000005e17700000)]
  0x0000019459c465c0 JavaThread "Compiler Processing Task" daemon [_thread_blocked, id=26312, stack(0x0000005e17c00000,0x0000005e17d00000)]
  0x0000019459c45ba0 JavaThread "Worker-12" [_thread_blocked, id=42588, stack(0x0000005e1b000000,0x0000005e1b100000)]
  0x0000019459c46ad0 JavaThread "Compiler Source File Reader" daemon [_thread_blocked, id=41220, stack(0x0000005e1a000000,0x0000005e1a100000)]
  0x0000019459c48e40 JavaThread "Compiler Source File Reader" daemon [_thread_blocked, id=24968, stack(0x0000005e1a200000,0x0000005e1a300000)]
  0x0000019459c49d70 JavaThread "Compiler Source File Reader" daemon [_thread_blocked, id=35352, stack(0x0000005e19f00000,0x0000005e1a000000)]
  0x0000019459c42900 JavaThread "Compiler Source File Reader" daemon [_thread_blocked, id=26452, stack(0x0000005e1ae00000,0x0000005e1af00000)]
  0x0000019459c4a280 JavaThread "Compiler Source File Reader" daemon [_thread_blocked, id=42648, stack(0x0000005e1b100000,0x0000005e1b200000)]
  0x0000019459c42e10 JavaThread "Compiler Source File Reader" daemon [_thread_blocked, id=30272, stack(0x0000005e1b200000,0x0000005e1b300000)]
  0x0000019459c43320 JavaThread "Compiler Source File Reader" daemon [_thread_blocked, id=35548, stack(0x0000005e1a600000,0x0000005e1a700000)]
  0x0000019459c45180 JavaThread "Compiler Source File Reader" daemon [_thread_blocked, id=37148, stack(0x0000005e1b300000,0x0000005e1b400000)]
  0x0000019459c43830 JavaThread "Compiler Source File Reader" daemon [_thread_blocked, id=43608, stack(0x0000005e1b400000,0x0000005e1b500000)]
  0x0000019462e66b10 JavaThread "Compiler Source File Reader" daemon [_thread_blocked, id=12564, stack(0x0000005e1b500000,0x0000005e1b600000)]
  0x0000019462e63360 JavaThread "Compiler Source File Reader" daemon [_thread_blocked, id=21500, stack(0x0000005e1b600000,0x0000005e1b700000)]
  0x0000019462e67530 JavaThread "Compiler Source File Reader" daemon [_thread_blocked, id=22572, stack(0x0000005e1b700000,0x0000005e1b800000)]
  0x0000019462e67a40 JavaThread "Compiler Source File Reader" daemon [_thread_blocked, id=39496, stack(0x0000005e1b800000,0x0000005e1b900000)]
  0x0000019462e605d0 JavaThread "Compiler Source File Reader" daemon [_thread_blocked, id=42276, stack(0x0000005e1b900000,0x0000005e1ba00000)]

Other Threads:
  0x0000019438c9eb30 VMThread "VM Thread" [stack: 0x0000005e15700000,0x0000005e15800000] [id=26900]
  0x00000194544b1b90 WatcherThread [stack: 0x0000005e16700000,0x0000005e16800000] [id=9108]
  0x0000019438c0b6d0 GCTaskThread "GC Thread#0" [stack: 0x0000005e15600000,0x0000005e15700000] [id=18468]
  0x00000194544b89a0 GCTaskThread "GC Thread#1" [stack: 0x0000005e16900000,0x0000005e16a00000] [id=40872]
  0x00000194544b8c60 GCTaskThread "GC Thread#2" [stack: 0x0000005e16a00000,0x0000005e16b00000] [id=40888]
  0x00000194544b8f20 GCTaskThread "GC Thread#3" [stack: 0x0000005e16b00000,0x0000005e16c00000] [id=39196]
  0x00000194544b94a0 GCTaskThread "GC Thread#4" [stack: 0x0000005e16c00000,0x0000005e16d00000] [id=40732]
  0x00000194544b91e0 GCTaskThread "GC Thread#5" [stack: 0x0000005e16d00000,0x0000005e16e00000] [id=40548]
  0x0000019454c1d2c0 GCTaskThread "GC Thread#6" [stack: 0x0000005e16500000,0x0000005e16600000] [id=40500]
  0x0000019454c1ddc0 GCTaskThread "GC Thread#7" [stack: 0x0000005e16800000,0x0000005e16900000] [id=40680]
  0x0000019454c1db00 GCTaskThread "GC Thread#8" [stack: 0x0000005e16400000,0x0000005e16500000] [id=40516]
  0x0000019454c1e340 GCTaskThread "GC Thread#9" [stack: 0x0000005e17700000,0x0000005e17800000] [id=40820]
  0x0000019454c1ca80 GCTaskThread "GC Thread#10" [stack: 0x0000005e17800000,0x0000005e17900000] [id=28452]
  0x0000019454c1cd40 GCTaskThread "GC Thread#11" [stack: 0x0000005e17900000,0x0000005e17a00000] [id=2448]
  0x0000019454c1d000 GCTaskThread "GC Thread#12" [stack: 0x0000005e17d00000,0x0000005e17e00000] [id=35184]
  0x000001945532e7f0 GCTaskThread "GC Thread#13" [stack: 0x0000005e17e00000,0x0000005e17f00000] [id=18224]
  0x00000194553300b0 GCTaskThread "GC Thread#14" [stack: 0x0000005e18000000,0x0000005e18100000] [id=38816]

Threads with active compile tasks:
C2 CompilerThread0  1598635 18295       4       org.eclipse.jdt.ls.core.internal.text.correction.CodeActionComparator::getCodeActionKindOrdinal (54 bytes)

VM state: not at safepoint (normal execution)

VM Mutex/Monitor currently owned by a thread: None

Heap address: 0x00000000c0000000, size: 1024 MB, Compressed Oops mode: 32-bit

CDS archive(s) not mapped
Compressed class space mapped at: 0x0000000100000000-0x0000000140000000, reserved size: 1073741824
Narrow klass base: 0x0000000000000000, Narrow klass shift: 3, Narrow klass range: 0x140000000

GC Precious Log:
 CPUs: 20 total, 20 available
 Memory: 65298M
 Large Page Support: Disabled
 NUMA Support: Disabled
 Compressed Oops: Enabled (32-bit)
 Alignments: Space 512K, Generation 512K, Heap 2M
 Heap Min Capacity: 100M
 Heap Initial Capacity: 100M
 Heap Max Capacity: 1G
 Pre-touch: Disabled
 Parallel Workers: 15

Heap:
 PSYoungGen      total 6144K, used 5137K [0x00000000eab00000, 0x00000000eb380000, 0x0000000100000000)
  eden space 3584K, 77% used [0x00000000eab00000,0x00000000eadb4758,0x00000000eae80000)
  from space 2560K, 92% used [0x00000000eb100000,0x00000000eb350080,0x00000000eb380000)
  to   space 2560K, 0% used [0x00000000eae80000,0x00000000eae80000,0x00000000eb100000)
 ParOldGen       total 176640K, used 149811K [0x00000000c0000000, 0x00000000cac80000, 0x00000000eab00000)
  object space 176640K, 84% used [0x00000000c0000000,0x00000000c924ccb8,0x00000000cac80000)
 Metaspace       used 91534K, committed 92992K, reserved 1179648K
  class space    used 9569K, committed 10240K, reserved 1048576K

Card table byte_map: [0x00000194385b0000,0x00000194387c0000] _byte_map_base: 0x0000019437fb0000

Marking Bits: (ParMarkBitMap*) 0x00007ffddc6f6940
 Begin Bits: [0x000001944a880000, 0x000001944b880000)
 End Bits:   [0x000001944b880000, 0x000001944c880000)

Polling page: 0x00000194383a0000

Metaspace:

Usage:
  Non-class:     80.04 MB used.
      Class:      9.35 MB used.
       Both:     89.39 MB used.

Virtual space:
  Non-class space:      128.00 MB reserved,      80.81 MB ( 63%) committed,  2 nodes.
      Class space:        1.00 GB reserved,      10.00 MB ( <1%) committed,  1 nodes.
             Both:        1.12 GB reserved,      90.81 MB (  8%) committed. 

Chunk freelists:
   Non-Class:  14.55 MB
       Class:  6.00 MB
        Both:  20.54 MB

MaxMetaspaceSize: unlimited
CompressedClassSpaceSize: 1.00 GB
Initial GC threshold: 21.00 MB
Current GC threshold: 150.94 MB
CDS: off
MetaspaceReclaimPolicy: balanced
 - commit_granule_bytes: 65536.
 - commit_granule_words: 8192.
 - virtual_space_node_default_size: 8388608.
 - enlarge_chunks_in_place: 1.
 - new_chunks_are_fully_committed: 0.
 - uncommit_free_chunks: 1.
 - use_allocation_guard: 0.
 - handle_deallocations: 1.


Internal statistics:

num_allocs_failed_limit: 9.
num_arena_births: 1080.
num_arena_deaths: 322.
num_vsnodes_births: 3.
num_vsnodes_deaths: 0.
num_space_committed: 1453.
num_space_uncommitted: 0.
num_chunks_returned_to_freelist: 377.
num_chunks_taken_from_freelist: 4975.
num_chunk_merges: 142.
num_chunk_splits: 2997.
num_chunks_enlarged: 1747.
num_inconsistent_stats: 0.

CodeHeap 'non-profiled nmethods': size=119168Kb used=14413Kb max_used=14413Kb free=104754Kb
 bounds [0x0000019443420000, 0x0000019444240000, 0x000001944a880000]
CodeHeap 'profiled nmethods': size=119104Kb used=30088Kb max_used=31258Kb free=89015Kb
 bounds [0x000001943b880000, 0x000001943d710000, 0x0000019442cd0000]
CodeHeap 'non-nmethods': size=7488Kb used=1471Kb max_used=3258Kb free=6016Kb
 bounds [0x0000019442cd0000, 0x0000019443010000, 0x0000019443420000]
 total_blobs=14952 nmethods=14123 adapters=740
 compilation: enabled
              stopped_count=0, restarted_count=0
 full_count=0

Compilation events (20 events):
Event: 1598.253 Thread 0x0000019451c0c300 nmethod 18285 0x000001944422c890 code [0x000001944422ca40, 0x000001944422d298]
Event: 1598.334 Thread 0x0000019451c0c300 18286       4       sun.nio.ch.AsynchronousFileChannelImpl::write (9 bytes)
Event: 1598.335 Thread 0x0000019451c0c300 nmethod 18286 0x000001944422d810 code [0x000001944422d9a0, 0x000001944422da48]
Event: 1598.335 Thread 0x0000019451c0c300 18287   !   4       sun.nio.ch.WindowsAsynchronousFileChannelImpl$WriteTask::run (253 bytes)
Event: 1598.336 Thread 0x000001944ca77fd0 18289       3       java.util.Calendar$Builder::build (641 bytes)
Event: 1598.337 Thread 0x000001944ca77fd0 nmethod 18289 0x000001943cb5ca10 code [0x000001943cb5cec0, 0x000001943cb5f2a8]
Event: 1598.337 Thread 0x000001944ca77fd0 18290       3       java.util.GregorianCalendar::<init> (56 bytes)
Event: 1598.337 Thread 0x000001944ca77fd0 nmethod 18290 0x000001943cb5c310 code [0x000001943cb5c4e0, 0x000001943cb5c898]
Event: 1598.337 Thread 0x000001944ca77fd0 18291       3       java.util.Calendar::<init> (59 bytes)
Event: 1598.337 Thread 0x000001944ca77fd0 nmethod 18291 0x000001943c4ed810 code [0x000001943c4ed9c0, 0x000001943c4edda8]
Event: 1598.337 Thread 0x000001944ca77fd0 18292       3       java.util.Calendar$Builder::isInstantSet (14 bytes)
Event: 1598.337 Thread 0x000001944ca77fd0 nmethod 18292 0x000001943c304b90 code [0x000001943c304d20, 0x000001943c304e78]
Event: 1598.348 Thread 0x0000019451c0c300 nmethod 18287 0x000001944422db10 code [0x000001944422de40, 0x000001944422f508]
Event: 1598.348 Thread 0x0000019451c0c300 18288       4       org.eclipse.jdt.internal.compiler.CompilationResult::getLineSeparatorPositions (18 bytes)
Event: 1598.348 Thread 0x0000019451c0c300 nmethod 18288 0x0000019444230f10 code [0x0000019444231080, 0x0000019444231118]
Event: 1598.375 Thread 0x0000019451c0c300 18293       4       org.eclipse.jdt.internal.compiler.lookup.AnnotatableTypeSystem::getWildcard (304 bytes)
Event: 1598.376 Thread 0x000001944ca77fd0 18294       3       org.eclipse.jdt.internal.compiler.codegen.CodeStream::pop (71 bytes)
Event: 1598.376 Thread 0x000001944ca77fd0 nmethod 18294 0x000001943c5dbc10 code [0x000001943c5dbdc0, 0x000001943c5dc058]
Event: 1598.384 Thread 0x0000019451c0c300 nmethod 18293 0x0000019444231210 code [0x0000019444231420, 0x00000194442327c8]
Event: 1598.594 Thread 0x0000019451c0c300 18295       4       org.eclipse.jdt.ls.core.internal.text.correction.CodeActionComparator::getCodeActionKindOrdinal (54 bytes)

GC Heap History (20 events):
Event: 1597.205 GC heap before
{Heap before GC invocations=624 (full 15):
 PSYoungGen      total 5632K, used 5472K [0x00000000eab00000, 0x00000000eb280000, 0x0000000100000000)
  eden space 3584K, 99% used [0x00000000eab00000,0x00000000eae7fff0,0x00000000eae80000)
  from space 2048K, 92% used [0x00000000eb080000,0x00000000eb258050,0x00000000eb280000)
  to   space 2048K, 0% used [0x00000000eae80000,0x00000000eae80000,0x00000000eb080000)
 ParOldGen       total 176640K, used 148184K [0x00000000c0000000, 0x00000000cac80000, 0x00000000eab00000)
  object space 176640K, 83% used [0x00000000c0000000,0x00000000c90b6368,0x00000000cac80000)
 Metaspace       used 91518K, committed 92928K, reserved 1179648K
  class space    used 9569K, committed 10240K, reserved 1048576K
}
Event: 1597.206 GC heap after
{Heap after GC invocations=624 (full 15):
 PSYoungGen      total 5632K, used 2016K [0x00000000eab00000, 0x00000000eb380000, 0x0000000100000000)
  eden space 3584K, 0% used [0x00000000eab00000,0x00000000eab00000,0x00000000eae80000)
  from space 2048K, 98% used [0x00000000eae80000,0x00000000eb078030,0x00000000eb080000)
  to   space 2560K, 0% used [0x00000000eb100000,0x00000000eb100000,0x00000000eb380000)
 ParOldGen       total 176640K, used 148200K [0x00000000c0000000, 0x00000000cac80000, 0x00000000eab00000)
  object space 176640K, 83% used [0x00000000c0000000,0x00000000c90ba368,0x00000000cac80000)
 Metaspace       used 91518K, committed 92928K, reserved 1179648K
  class space    used 9569K, committed 10240K, reserved 1048576K
}
Event: 1597.210 GC heap before
{Heap before GC invocations=625 (full 15):
 PSYoungGen      total 5632K, used 5600K [0x00000000eab00000, 0x00000000eb380000, 0x0000000100000000)
  eden space 3584K, 99% used [0x00000000eab00000,0x00000000eae7fff0,0x00000000eae80000)
  from space 2048K, 98% used [0x00000000eae80000,0x00000000eb078030,0x00000000eb080000)
  to   space 2560K, 0% used [0x00000000eb100000,0x00000000eb100000,0x00000000eb380000)
 ParOldGen       total 176640K, used 148200K [0x00000000c0000000, 0x00000000cac80000, 0x00000000eab00000)
  object space 176640K, 83% used [0x00000000c0000000,0x00000000c90ba368,0x00000000cac80000)
 Metaspace       used 91521K, committed 92928K, reserved 1179648K
  class space    used 9569K, committed 10240K, reserved 1048576K
}
Event: 1597.211 GC heap after
{Heap after GC invocations=625 (full 15):
 PSYoungGen      total 6144K, used 2416K [0x00000000eab00000, 0x00000000eb380000, 0x0000000100000000)
  eden space 3584K, 0% used [0x00000000eab00000,0x00000000eab00000,0x00000000eae80000)
  from space 2560K, 94% used [0x00000000eb100000,0x00000000eb35c040,0x00000000eb380000)
  to   space 2560K, 0% used [0x00000000eae80000,0x00000000eae80000,0x00000000eb100000)
 ParOldGen       total 176640K, used 148208K [0x00000000c0000000, 0x00000000cac80000, 0x00000000eab00000)
  object space 176640K, 83% used [0x00000000c0000000,0x00000000c90bc368,0x00000000cac80000)
 Metaspace       used 91521K, committed 92928K, reserved 1179648K
  class space    used 9569K, committed 10240K, reserved 1048576K
}
Event: 1597.501 GC heap before
{Heap before GC invocations=626 (full 15):
 PSYoungGen      total 6144K, used 6000K [0x00000000eab00000, 0x00000000eb380000, 0x0000000100000000)
  eden space 3584K, 100% used [0x00000000eab00000,0x00000000eae80000,0x00000000eae80000)
  from space 2560K, 94% used [0x00000000eb100000,0x00000000eb35c040,0x00000000eb380000)
  to   space 2560K, 0% used [0x00000000eae80000,0x00000000eae80000,0x00000000eb100000)
 ParOldGen       total 176640K, used 148208K [0x00000000c0000000, 0x00000000cac80000, 0x00000000eab00000)
  object space 176640K, 83% used [0x00000000c0000000,0x00000000c90bc368,0x00000000cac80000)
 Metaspace       used 91523K, committed 92928K, reserved 1179648K
  class space    used 9569K, committed 10240K, reserved 1048576K
}
Event: 1597.502 GC heap after
{Heap after GC invocations=626 (full 15):
 PSYoungGen      total 6144K, used 2448K [0x00000000eab00000, 0x00000000eb380000, 0x0000000100000000)
  eden space 3584K, 0% used [0x00000000eab00000,0x00000000eab00000,0x00000000eae80000)
  from space 2560K, 95% used [0x00000000eae80000,0x00000000eb0e4060,0x00000000eb100000)
  to   space 2560K, 0% used [0x00000000eb100000,0x00000000eb100000,0x00000000eb380000)
 ParOldGen       total 176640K, used 148208K [0x00000000c0000000, 0x00000000cac80000, 0x00000000eab00000)
  object space 176640K, 83% used [0x00000000c0000000,0x00000000c90bc368,0x00000000cac80000)
 Metaspace       used 91523K, committed 92928K, reserved 1179648K
  class space    used 9569K, committed 10240K, reserved 1048576K
}
Event: 1597.613 GC heap before
{Heap before GC invocations=627 (full 15):
 PSYoungGen      total 6144K, used 6032K [0x00000000eab00000, 0x00000000eb380000, 0x0000000100000000)
  eden space 3584K, 100% used [0x00000000eab00000,0x00000000eae80000,0x00000000eae80000)
  from space 2560K, 95% used [0x00000000eae80000,0x00000000eb0e4060,0x00000000eb100000)
  to   space 2560K, 0% used [0x00000000eb100000,0x00000000eb100000,0x00000000eb380000)
 ParOldGen       total 176640K, used 148208K [0x00000000c0000000, 0x00000000cac80000, 0x00000000eab00000)
  object space 176640K, 83% used [0x00000000c0000000,0x00000000c90bc368,0x00000000cac80000)
 Metaspace       used 91523K, committed 92928K, reserved 1179648K
  class space    used 9569K, committed 10240K, reserved 1048576K
}
Event: 1597.614 GC heap after
{Heap after GC invocations=627 (full 15):
 PSYoungGen      total 6144K, used 2528K [0x00000000eab00000, 0x00000000eb380000, 0x0000000100000000)
  eden space 3584K, 0% used [0x00000000eab00000,0x00000000eab00000,0x00000000eae80000)
  from space 2560K, 98% used [0x00000000eb100000,0x00000000eb378070,0x00000000eb380000)
  to   space 2560K, 0% used [0x00000000eae80000,0x00000000eae80000,0x00000000eb100000)
 ParOldGen       total 176640K, used 148216K [0x00000000c0000000, 0x00000000cac80000, 0x00000000eab00000)
  object space 176640K, 83% used [0x00000000c0000000,0x00000000c90be368,0x00000000cac80000)
 Metaspace       used 91523K, committed 92928K, reserved 1179648K
  class space    used 9569K, committed 10240K, reserved 1048576K
}
Event: 1597.720 GC heap before
{Heap before GC invocations=628 (full 15):
 PSYoungGen      total 6144K, used 6112K [0x00000000eab00000, 0x00000000eb380000, 0x0000000100000000)
  eden space 3584K, 99% used [0x00000000eab00000,0x00000000eae7ffc8,0x00000000eae80000)
  from space 2560K, 98% used [0x00000000eb100000,0x00000000eb378070,0x00000000eb380000)
  to   space 2560K, 0% used [0x00000000eae80000,0x00000000eae80000,0x00000000eb100000)
 ParOldGen       total 176640K, used 148216K [0x00000000c0000000, 0x00000000cac80000, 0x00000000eab00000)
  object space 176640K, 83% used [0x00000000c0000000,0x00000000c90be368,0x00000000cac80000)
 Metaspace       used 91525K, committed 92928K, reserved 1179648K
  class space    used 9569K, committed 10240K, reserved 1048576K
}
Event: 1597.721 GC heap after
{Heap after GC invocations=628 (full 15):
 PSYoungGen      total 6144K, used 2000K [0x00000000eab00000, 0x00000000eb380000, 0x0000000100000000)
  eden space 3584K, 0% used [0x00000000eab00000,0x00000000eab00000,0x00000000eae80000)
  from space 2560K, 78% used [0x00000000eae80000,0x00000000eb074030,0x00000000eb100000)
  to   space 2560K, 0% used [0x00000000eb100000,0x00000000eb100000,0x00000000eb380000)
 ParOldGen       total 176640K, used 149163K [0x00000000c0000000, 0x00000000cac80000, 0x00000000eab00000)
  object space 176640K, 84% used [0x00000000c0000000,0x00000000c91aacb8,0x00000000cac80000)
 Metaspace       used 91525K, committed 92928K, reserved 1179648K
  class space    used 9569K, committed 10240K, reserved 1048576K
}
Event: 1597.726 GC heap before
{Heap before GC invocations=629 (full 15):
 PSYoungGen      total 6144K, used 5577K [0x00000000eab00000, 0x00000000eb380000, 0x0000000100000000)
  eden space 3584K, 99% used [0x00000000eab00000,0x00000000eae7e788,0x00000000eae80000)
  from space 2560K, 78% used [0x00000000eae80000,0x00000000eb074030,0x00000000eb100000)
  to   space 2560K, 0% used [0x00000000eb100000,0x00000000eb100000,0x00000000eb380000)
 ParOldGen       total 176640K, used 149163K [0x00000000c0000000, 0x00000000cac80000, 0x00000000eab00000)
  object space 176640K, 84% used [0x00000000c0000000,0x00000000c91aacb8,0x00000000cac80000)
 Metaspace       used 91525K, committed 92928K, reserved 1179648K
  class space    used 9569K, committed 10240K, reserved 1048576K
}
Event: 1597.727 GC heap after
{Heap after GC invocations=629 (full 15):
 PSYoungGen      total 5120K, used 1504K [0x00000000eab00000, 0x00000000eb280000, 0x0000000100000000)
  eden space 3584K, 0% used [0x00000000eab00000,0x00000000eab00000,0x00000000eae80000)
  from space 1536K, 97% used [0x00000000eb100000,0x00000000eb278020,0x00000000eb280000)
  to   space 2048K, 0% used [0x00000000eae80000,0x00000000eae80000,0x00000000eb080000)
 ParOldGen       total 176640K, used 149163K [0x00000000c0000000, 0x00000000cac80000, 0x00000000eab00000)
  object space 176640K, 84% used [0x00000000c0000000,0x00000000c91aacb8,0x00000000cac80000)
 Metaspace       used 91525K, committed 92928K, reserved 1179648K
  class space    used 9569K, committed 10240K, reserved 1048576K
}
Event: 1598.000 GC heap before
{Heap before GC invocations=630 (full 15):
 PSYoungGen      total 5120K, used 5088K [0x00000000eab00000, 0x00000000eb280000, 0x0000000100000000)
  eden space 3584K, 100% used [0x00000000eab00000,0x00000000eae80000,0x00000000eae80000)
  from space 1536K, 97% used [0x00000000eb100000,0x00000000eb278020,0x00000000eb280000)
  to   space 2048K, 0% used [0x00000000eae80000,0x00000000eae80000,0x00000000eb080000)
 ParOldGen       total 176640K, used 149163K [0x00000000c0000000, 0x00000000cac80000, 0x00000000eab00000)
  object space 176640K, 84% used [0x00000000c0000000,0x00000000c91aacb8,0x00000000cac80000)
 Metaspace       used 91525K, committed 92928K, reserved 1179648K
  class space    used 9569K, committed 10240K, reserved 1048576K
}
Event: 1598.001 GC heap after
{Heap after GC invocations=630 (full 15):
 PSYoungGen      total 5632K, used 2016K [0x00000000eab00000, 0x00000000eb380000, 0x0000000100000000)
  eden space 3584K, 0% used [0x00000000eab00000,0x00000000eab00000,0x00000000eae80000)
  from space 2048K, 98% used [0x00000000eae80000,0x00000000eb078040,0x00000000eb080000)
  to   space 2560K, 0% used [0x00000000eb100000,0x00000000eb100000,0x00000000eb380000)
 ParOldGen       total 176640K, used 149371K [0x00000000c0000000, 0x00000000cac80000, 0x00000000eab00000)
  object space 176640K, 84% used [0x00000000c0000000,0x00000000c91decb8,0x00000000cac80000)
 Metaspace       used 91525K, committed 92928K, reserved 1179648K
  class space    used 9569K, committed 10240K, reserved 1048576K
}
Event: 1598.101 GC heap before
{Heap before GC invocations=631 (full 15):
 PSYoungGen      total 5632K, used 5600K [0x00000000eab00000, 0x00000000eb380000, 0x0000000100000000)
  eden space 3584K, 100% used [0x00000000eab00000,0x00000000eae80000,0x00000000eae80000)
  from space 2048K, 98% used [0x00000000eae80000,0x00000000eb078040,0x00000000eb080000)
  to   space 2560K, 0% used [0x00000000eb100000,0x00000000eb100000,0x00000000eb380000)
 ParOldGen       total 176640K, used 149371K [0x00000000c0000000, 0x00000000cac80000, 0x00000000eab00000)
  object space 176640K, 84% used [0x00000000c0000000,0x00000000c91decb8,0x00000000cac80000)
 Metaspace       used 91527K, committed 92928K, reserved 1179648K
  class space    used 9569K, committed 10240K, reserved 1048576K
}
Event: 1598.101 GC heap after
{Heap after GC invocations=631 (full 15):
 PSYoungGen      total 6144K, used 2352K [0x00000000eab00000, 0x00000000eb380000, 0x0000000100000000)
  eden space 3584K, 0% used [0x00000000eab00000,0x00000000eab00000,0x00000000eae80000)
  from space 2560K, 91% used [0x00000000eb100000,0x00000000eb34c070,0x00000000eb380000)
  to   space 2560K, 0% used [0x00000000eae80000,0x00000000eae80000,0x00000000eb100000)
 ParOldGen       total 176640K, used 149803K [0x00000000c0000000, 0x00000000cac80000, 0x00000000eab00000)
  object space 176640K, 84% used [0x00000000c0000000,0x00000000c924acb8,0x00000000cac80000)
 Metaspace       used 91527K, committed 92928K, reserved 1179648K
  class space    used 9569K, committed 10240K, reserved 1048576K
}
Event: 1598.219 GC heap before
{Heap before GC invocations=632 (full 15):
 PSYoungGen      total 6144K, used 5936K [0x00000000eab00000, 0x00000000eb380000, 0x0000000100000000)
  eden space 3584K, 100% used [0x00000000eab00000,0x00000000eae80000,0x00000000eae80000)
  from space 2560K, 91% used [0x00000000eb100000,0x00000000eb34c070,0x00000000eb380000)
  to   space 2560K, 0% used [0x00000000eae80000,0x00000000eae80000,0x00000000eb100000)
 ParOldGen       total 176640K, used 149803K [0x00000000c0000000, 0x00000000cac80000, 0x00000000eab00000)
  object space 176640K, 84% used [0x00000000c0000000,0x00000000c924acb8,0x00000000cac80000)
 Metaspace       used 91527K, committed 92928K, reserved 1179648K
  class space    used 9569K, committed 10240K, reserved 1048576K
}
Event: 1598.219 GC heap after
{Heap after GC invocations=632 (full 15):
 PSYoungGen      total 6144K, used 2272K [0x00000000eab00000, 0x00000000eb380000, 0x0000000100000000)
  eden space 3584K, 0% used [0x00000000eab00000,0x00000000eab00000,0x00000000eae80000)
  from space 2560K, 88% used [0x00000000eae80000,0x00000000eb0b8080,0x00000000eb100000)
  to   space 2560K, 0% used [0x00000000eb100000,0x00000000eb100000,0x00000000eb380000)
 ParOldGen       total 176640K, used 149803K [0x00000000c0000000, 0x00000000cac80000, 0x00000000eab00000)
  object space 176640K, 84% used [0x00000000c0000000,0x00000000c924acb8,0x00000000cac80000)
 Metaspace       used 91527K, committed 92928K, reserved 1179648K
  class space    used 9569K, committed 10240K, reserved 1048576K
}
Event: 1598.374 GC heap before
{Heap before GC invocations=633 (full 15):
 PSYoungGen      total 6144K, used 5856K [0x00000000eab00000, 0x00000000eb380000, 0x0000000100000000)
  eden space 3584K, 100% used [0x00000000eab00000,0x00000000eae80000,0x00000000eae80000)
  from space 2560K, 88% used [0x00000000eae80000,0x00000000eb0b8080,0x00000000eb100000)
  to   space 2560K, 0% used [0x00000000eb100000,0x00000000eb100000,0x00000000eb380000)
 ParOldGen       total 176640K, used 149803K [0x00000000c0000000, 0x00000000cac80000, 0x00000000eab00000)
  object space 176640K, 84% used [0x00000000c0000000,0x00000000c924acb8,0x00000000cac80000)
 Metaspace       used 91534K, committed 92992K, reserved 1179648K
  class space    used 9569K, committed 10240K, reserved 1048576K
}
Event: 1598.375 GC heap after
{Heap after GC invocations=633 (full 15):
 PSYoungGen      total 6144K, used 2368K [0x00000000eab00000, 0x00000000eb380000, 0x0000000100000000)
  eden space 3584K, 0% used [0x00000000eab00000,0x00000000eab00000,0x00000000eae80000)
  from space 2560K, 92% used [0x00000000eb100000,0x00000000eb350080,0x00000000eb380000)
  to   space 2560K, 0% used [0x00000000eae80000,0x00000000eae80000,0x00000000eb100000)
 ParOldGen       total 176640K, used 149811K [0x00000000c0000000, 0x00000000cac80000, 0x00000000eab00000)
  object space 176640K, 84% used [0x00000000c0000000,0x00000000c924ccb8,0x00000000cac80000)
 Metaspace       used 91534K, committed 92992K, reserved 1179648K
  class space    used 9569K, committed 10240K, reserved 1048576K
}

Dll operation events (14 events):
Event: 0.006 Loaded shared library c:\Users\Desktop-1\.vscode\extensions\redhat.java-1.36.0-win32-x64\jre\17.0.13-win32-x86_64\bin\java.dll
Event: 0.076 Loaded shared library c:\Users\Desktop-1\.vscode\extensions\redhat.java-1.36.0-win32-x64\jre\17.0.13-win32-x86_64\bin\zip.dll
Event: 0.078 Loaded shared library C:\Users\Desktop-1\.vscode\extensions\redhat.java-1.36.0-win32-x64\jre\17.0.13-win32-x86_64\bin\instrument.dll
Event: 0.083 Loaded shared library C:\Users\Desktop-1\.vscode\extensions\redhat.java-1.36.0-win32-x64\jre\17.0.13-win32-x86_64\bin\net.dll
Event: 0.084 Loaded shared library C:\Users\Desktop-1\.vscode\extensions\redhat.java-1.36.0-win32-x64\jre\17.0.13-win32-x86_64\bin\nio.dll
Event: 0.087 Loaded shared library C:\Users\Desktop-1\.vscode\extensions\redhat.java-1.36.0-win32-x64\jre\17.0.13-win32-x86_64\bin\zip.dll
Event: 0.095 Loaded shared library C:\Users\Desktop-1\.vscode\extensions\redhat.java-1.36.0-win32-x64\jre\17.0.13-win32-x86_64\bin\jimage.dll
Event: 0.129 Loaded shared library c:\Users\Desktop-1\.vscode\extensions\redhat.java-1.36.0-win32-x64\jre\17.0.13-win32-x86_64\bin\verify.dll
Event: 1.919 Loaded shared library C:\Users\Desktop-1\AppData\Roaming\Code\User\globalStorage\redhat.java\1.36.0\config_win\org.eclipse.equinox.launcher\org.eclipse.equinox.launcher.win32.win32.x86_64_1.2.1100.v20240722-2106\eclipse_11904.dll
Event: 6.476 Loaded shared library C:\Users\Desktop-1\.vscode\extensions\redhat.java-1.36.0-win32-x64\jre\17.0.13-win32-x86_64\bin\management.dll
Event: 6.478 Loaded shared library C:\Users\Desktop-1\.vscode\extensions\redhat.java-1.36.0-win32-x64\jre\17.0.13-win32-x86_64\bin\management_ext.dll
Event: 7.152 Loaded shared library C:\Users\Desktop-1\AppData\Local\Temp\jna--560062816\jna10072911357984823695.dll
Event: 8.250 Loaded shared library C:\Users\Desktop-1\.vscode\extensions\redhat.java-1.36.0-win32-x64\jre\17.0.13-win32-x86_64\bin\sunmscapi.dll
Event: 8.472 Loaded shared library C:\Users\Desktop-1\.vscode\extensions\redhat.java-1.36.0-win32-x64\jre\17.0.13-win32-x86_64\bin\extnet.dll

Deoptimization events (20 events):
Event: 1594.666 Thread 0x0000019459c45ba0 DEOPT PACKING pc=0x00000194441e1800 sp=0x0000005e1b0fe9c0
Event: 1594.666 Thread 0x0000019459c45ba0 DEOPT UNPACKING pc=0x0000019442d266a3 sp=0x0000005e1b0fe948 mode 2
Event: 1594.997 Thread 0x0000019459c46fe0 DEOPT PACKING pc=0x000001943bd3b034 sp=0x0000005e175fe180
Event: 1594.997 Thread 0x0000019459c46fe0 DEOPT UNPACKING pc=0x0000019442d26e43 sp=0x0000005e175fd5b0 mode 0
Event: 1597.816 Thread 0x0000019459c47f10 Uncommon trap: trap_request=0xffffffbe fr.pc=0x00000194442188e4 relative=0x0000000000008164
Event: 1597.816 Thread 0x0000019459c47f10 Uncommon trap: reason=profile_predicate action=maybe_recompile pc=0x00000194442188e4 method=org.eclipse.jdt.core.dom.ASTConverter.setModifiers(Ljava/util/List;[Lorg/eclipse/jdt/internal/compiler/ast/Annotation;I)V @ 403 c2
Event: 1597.816 Thread 0x0000019459c47f10 DEOPT PACKING pc=0x00000194442188e4 sp=0x0000005e17ffe0a0
Event: 1597.816 Thread 0x0000019459c47f10 DEOPT UNPACKING pc=0x0000019442d266a3 sp=0x0000005e17ffe108 mode 2
Event: 1598.100 Thread 0x0000019462e60ff0 Uncommon trap: trap_request=0xffffffbe fr.pc=0x00000194442188e4 relative=0x0000000000008164
Event: 1598.100 Thread 0x0000019462e60ff0 Uncommon trap: reason=profile_predicate action=maybe_recompile pc=0x00000194442188e4 method=org.eclipse.jdt.core.dom.ASTConverter.setModifiers(Ljava/util/List;[Lorg/eclipse/jdt/internal/compiler/ast/Annotation;I)V @ 403 c2
Event: 1598.100 Thread 0x0000019462e60ff0 DEOPT PACKING pc=0x00000194442188e4 sp=0x0000005e19dfd820
Event: 1598.100 Thread 0x0000019462e60ff0 DEOPT UNPACKING pc=0x0000019442d266a3 sp=0x0000005e19dfd888 mode 2
Event: 1598.103 Thread 0x0000019462e60ff0 Uncommon trap: trap_request=0xffffffbe fr.pc=0x00000194442188e4 relative=0x0000000000008164
Event: 1598.103 Thread 0x0000019462e60ff0 Uncommon trap: reason=profile_predicate action=maybe_recompile pc=0x00000194442188e4 method=org.eclipse.jdt.core.dom.ASTConverter.setModifiers(Ljava/util/List;[Lorg/eclipse/jdt/internal/compiler/ast/Annotation;I)V @ 403 c2
Event: 1598.103 Thread 0x0000019462e60ff0 DEOPT PACKING pc=0x00000194442188e4 sp=0x0000005e19dfd820
Event: 1598.103 Thread 0x0000019462e60ff0 DEOPT UNPACKING pc=0x0000019442d266a3 sp=0x0000005e19dfd888 mode 2
Event: 1598.221 Thread 0x0000019462e60ff0 Uncommon trap: trap_request=0xffffffbe fr.pc=0x00000194442188e4 relative=0x0000000000008164
Event: 1598.221 Thread 0x0000019462e60ff0 Uncommon trap: reason=profile_predicate action=maybe_recompile pc=0x00000194442188e4 method=org.eclipse.jdt.core.dom.ASTConverter.setModifiers(Ljava/util/List;[Lorg/eclipse/jdt/internal/compiler/ast/Annotation;I)V @ 403 c2
Event: 1598.221 Thread 0x0000019462e60ff0 DEOPT PACKING pc=0x00000194442188e4 sp=0x0000005e19dfd9e0
Event: 1598.221 Thread 0x0000019462e60ff0 DEOPT UNPACKING pc=0x0000019442d266a3 sp=0x0000005e19dfda48 mode 2

Classes loaded (20 events):
Event: 428.125 Loading class java/lang/ProcessHandleImpl$ExitCompletion
Event: 428.125 Loading class java/lang/ProcessHandleImpl$ExitCompletion done
Event: 428.125 Loading class java/lang/ProcessHandleImpl$1
Event: 428.126 Loading class java/lang/ProcessHandleImpl$1 done
Event: 428.126 Loading class java/util/concurrent/CompletableFuture$UniHandle
Event: 428.126 Loading class java/util/concurrent/CompletableFuture$UniHandle done
Event: 520.714 Loading class java/util/jar/JarOutputStream
Event: 520.714 Loading class java/util/jar/JarOutputStream done
Event: 520.715 Loading class java/util/zip/Deflater
Event: 520.715 Loading class java/util/zip/Deflater done
Event: 520.716 Loading class java/util/zip/Deflater$DeflaterZStreamRef
Event: 520.716 Loading class java/util/zip/Deflater$DeflaterZStreamRef done
Event: 520.716 Loading class java/util/zip/ZipOutputStream$XEntry
Event: 520.716 Loading class java/util/zip/ZipOutputStream$XEntry done
Event: 1505.312 Loading class java/util/Spliterators$IntArraySpliterator
Event: 1505.312 Loading class java/util/Spliterators$IntArraySpliterator done
Event: 1505.377 Loading class java/io/CharArrayReader
Event: 1505.377 Loading class java/io/CharArrayReader done
Event: 1505.378 Loading class java/util/regex/Pattern$Bound
Event: 1505.378 Loading class java/util/regex/Pattern$Bound done

Classes unloaded (20 events):
Event: 1153.453 Thread 0x0000019438c9eb30 Unloading class 0x0000000100230800 'jdk/internal/reflect/GeneratedConstructorAccessor4'
Event: 1153.453 Thread 0x0000019438c9eb30 Unloading class 0x000000010022a400 'java/lang/invoke/LambdaForm$MH+0x000000010022a400'
Event: 1153.453 Thread 0x0000019438c9eb30 Unloading class 0x000000010022a000 'java/lang/invoke/LambdaForm$MH+0x000000010022a000'
Event: 1153.453 Thread 0x0000019438c9eb30 Unloading class 0x0000000100229c00 'java/lang/invoke/LambdaForm$MH+0x0000000100229c00'
Event: 1153.453 Thread 0x0000019438c9eb30 Unloading class 0x0000000100228c00 'java/lang/invoke/LambdaForm$MH+0x0000000100228c00'
Event: 1153.453 Thread 0x0000019438c9eb30 Unloading class 0x0000000100228800 'java/lang/invoke/LambdaForm$MH+0x0000000100228800'
Event: 1153.453 Thread 0x0000019438c9eb30 Unloading class 0x0000000100228000 'java/lang/invoke/LambdaForm$MH+0x0000000100228000'
Event: 1153.453 Thread 0x0000019438c9eb30 Unloading class 0x00000001001bdc00 'java/lang/invoke/LambdaForm$MH+0x00000001001bdc00'
Event: 1153.453 Thread 0x0000019438c9eb30 Unloading class 0x00000001001bd800 'java/lang/invoke/LambdaForm$MH+0x00000001001bd800'
Event: 1153.453 Thread 0x0000019438c9eb30 Unloading class 0x00000001001bd400 'java/lang/invoke/LambdaForm$MH+0x00000001001bd400'
Event: 1153.453 Thread 0x0000019438c9eb30 Unloading class 0x00000001001bd000 'java/lang/invoke/LambdaForm$MH+0x00000001001bd000'
Event: 1153.453 Thread 0x0000019438c9eb30 Unloading class 0x00000001001bcc00 'java/lang/invoke/LambdaForm$MH+0x00000001001bcc00'
Event: 1153.453 Thread 0x0000019438c9eb30 Unloading class 0x00000001001bc800 'java/lang/invoke/LambdaForm$MH+0x00000001001bc800'
Event: 1153.453 Thread 0x0000019438c9eb30 Unloading class 0x00000001001bc400 'java/lang/invoke/LambdaForm$MH+0x00000001001bc400'
Event: 1153.453 Thread 0x0000019438c9eb30 Unloading class 0x00000001001bc000 'java/lang/invoke/LambdaForm$MH+0x00000001001bc000'
Event: 1153.453 Thread 0x0000019438c9eb30 Unloading class 0x0000000100129000 'jdk/internal/reflect/GeneratedMethodAccessor5'
Event: 1153.453 Thread 0x0000019438c9eb30 Unloading class 0x0000000100128c00 'jdk/internal/reflect/GeneratedMethodAccessor4'
Event: 1153.453 Thread 0x0000019438c9eb30 Unloading class 0x0000000100128800 'jdk/internal/reflect/GeneratedMethodAccessor3'
Event: 1153.453 Thread 0x0000019438c9eb30 Unloading class 0x0000000100128400 'jdk/internal/reflect/GeneratedMethodAccessor2'
Event: 1153.453 Thread 0x0000019438c9eb30 Unloading class 0x0000000100128000 'jdk/internal/reflect/GeneratedMethodAccessor1'

Classes redefined (0 events):
No events

Internal exceptions (20 events):
Event: 1570.959 Thread 0x000001945657c7b0 Exception <a 'java/lang/ArrayIndexOutOfBoundsException'{0x00000000ead91dd8}> (0x00000000ead91dd8) 
thrown [s\src\hotspot\share\runtime\sharedRuntime.cpp, line 631]
Event: 1570.959 Thread 0x000001945657c7b0 Exception <a 'java/lang/ArrayIndexOutOfBoundsException'{0x00000000ead92430}> (0x00000000ead92430) 
thrown [s\src\hotspot\share\runtime\sharedRuntime.cpp, line 631]
Event: 1570.959 Thread 0x000001945657c7b0 Exception <a 'java/lang/ArrayIndexOutOfBoundsException'{0x00000000ead92a48}> (0x00000000ead92a48) 
thrown [s\src\hotspot\share\runtime\sharedRuntime.cpp, line 631]
Event: 1571.976 Thread 0x000001945512e930 Exception <a 'sun/nio/fs/WindowsException'{0x00000000eae00ff0}> (0x00000000eae00ff0) 
thrown [s\src\hotspot\share\prims\jni.cpp, line 516]
Event: 1572.026 Thread 0x000001945512e930 Exception <a 'sun/nio/fs/WindowsException'{0x00000000ead231b8}> (0x00000000ead231b8) 
thrown [s\src\hotspot\share\prims\jni.cpp, line 516]
Event: 1574.823 Thread 0x000001945512e930 Exception <a 'sun/nio/fs/WindowsException'{0x00000000eac7a718}> (0x00000000eac7a718) 
thrown [s\src\hotspot\share\prims\jni.cpp, line 516]
Event: 1574.873 Thread 0x000001945512e930 Exception <a 'sun/nio/fs/WindowsException'{0x00000000eacf5500}> (0x00000000eacf5500) 
thrown [s\src\hotspot\share\prims\jni.cpp, line 516]
Event: 1576.773 Thread 0x0000019459c46fe0 Exception <a 'java/lang/ArrayIndexOutOfBoundsException'{0x00000000eab16ff0}> (0x00000000eab16ff0) 
thrown [s\src\hotspot\share\runtime\sharedRuntime.cpp, line 631]
Event: 1577.056 Thread 0x000001945512e930 Exception <a 'sun/nio/fs/WindowsException'{0x00000000ead8f870}> (0x00000000ead8f870) 
thrown [s\src\hotspot\share\prims\jni.cpp, line 516]
Event: 1577.101 Thread 0x000001945512e930 Exception <a 'sun/nio/fs/WindowsException'{0x00000000eaeb5ab8}> (0x00000000eaeb5ab8) 
thrown [s\src\hotspot\share\prims\jni.cpp, line 516]
Event: 1578.853 Thread 0x000001945512e930 Exception <a 'sun/nio/fs/WindowsException'{0x00000000eae47e00}> (0x00000000eae47e00) 
thrown [s\src\hotspot\share\prims\jni.cpp, line 516]
Event: 1578.898 Thread 0x000001945512e930 Exception <a 'sun/nio/fs/WindowsException'{0x00000000ead288b8}> (0x00000000ead288b8) 
thrown [s\src\hotspot\share\prims\jni.cpp, line 516]
Event: 1581.086 Thread 0x000001945512e930 Exception <a 'sun/nio/fs/WindowsException'{0x00000000eac031c0}> (0x00000000eac031c0) 
thrown [s\src\hotspot\share\prims\jni.cpp, line 516]
Event: 1581.130 Thread 0x000001945512e930 Exception <a 'sun/nio/fs/WindowsException'{0x00000000eac51688}> (0x00000000eac51688) 
thrown [s\src\hotspot\share\prims\jni.cpp, line 516]
Event: 1594.578 Thread 0x000001945512e930 Exception <a 'sun/nio/fs/WindowsException'{0x00000000ead273e8}> (0x00000000ead273e8) 
thrown [s\src\hotspot\share\prims\jni.cpp, line 516]
Event: 1594.624 Thread 0x000001945512e930 Exception <a 'sun/nio/fs/WindowsException'{0x00000000ead98e30}> (0x00000000ead98e30) 
thrown [s\src\hotspot\share\prims\jni.cpp, line 516]
Event: 1597.816 Thread 0x0000019459c47f10 Implicit null exception at 0x00000194442107c3 to 0x00000194442188cc
Event: 1598.100 Thread 0x0000019462e60ff0 Implicit null exception at 0x00000194442107c3 to 0x00000194442188cc
Event: 1598.103 Thread 0x0000019462e60ff0 Implicit null exception at 0x00000194442107c3 to 0x00000194442188cc
Event: 1598.221 Thread 0x0000019462e60ff0 Implicit null exception at 0x00000194442107c3 to 0x00000194442188cc

VM Operations (20 events):
Event: 1597.205 Executing VM operation: ParallelGCFailedAllocation
Event: 1597.206 Executing VM operation: ParallelGCFailedAllocation done
Event: 1597.210 Executing VM operation: ParallelGCFailedAllocation
Event: 1597.211 Executing VM operation: ParallelGCFailedAllocation done
Event: 1597.501 Executing VM operation: ParallelGCFailedAllocation
Event: 1597.502 Executing VM operation: ParallelGCFailedAllocation done
Event: 1597.613 Executing VM operation: ParallelGCFailedAllocation
Event: 1597.614 Executing VM operation: ParallelGCFailedAllocation done
Event: 1597.720 Executing VM operation: ParallelGCFailedAllocation
Event: 1597.721 Executing VM operation: ParallelGCFailedAllocation done
Event: 1597.726 Executing VM operation: ParallelGCFailedAllocation
Event: 1597.727 Executing VM operation: ParallelGCFailedAllocation done
Event: 1598.000 Executing VM operation: ParallelGCFailedAllocation
Event: 1598.001 Executing VM operation: ParallelGCFailedAllocation done
Event: 1598.100 Executing VM operation: ParallelGCFailedAllocation
Event: 1598.101 Executing VM operation: ParallelGCFailedAllocation done
Event: 1598.219 Executing VM operation: ParallelGCFailedAllocation
Event: 1598.219 Executing VM operation: ParallelGCFailedAllocation done
Event: 1598.374 Executing VM operation: ParallelGCFailedAllocation
Event: 1598.375 Executing VM operation: ParallelGCFailedAllocation done

Memory protections (0 events):
No events

Nmethod flushes (20 events):
Event: 1571.438 Thread 0x000001944ca790c0 flushing  nmethod 0x000001943d085310
Event: 1571.438 Thread 0x000001944ca790c0 flushing  nmethod 0x000001943d091790
Event: 1571.438 Thread 0x000001944ca790c0 flushing  nmethod 0x000001943d0dd210
Event: 1571.438 Thread 0x000001944ca790c0 flushing  nmethod 0x000001943d199090
Event: 1571.438 Thread 0x000001944ca790c0 flushing  nmethod 0x000001943d1b9190
Event: 1571.438 Thread 0x000001944ca790c0 flushing  nmethod 0x000001943d1ec590
Event: 1571.438 Thread 0x000001944ca790c0 flushing  nmethod 0x000001943d261210
Event: 1571.439 Thread 0x000001944ca790c0 flushing  nmethod 0x000001943d338190
Event: 1571.439 Thread 0x000001944ca790c0 flushing  nmethod 0x000001943d35e110
Event: 1571.439 Thread 0x000001944ca790c0 flushing  nmethod 0x000001943d35ea10
Event: 1571.439 Thread 0x000001944ca790c0 flushing  nmethod 0x000001943d3b8010
Event: 1571.439 Thread 0x000001944ca790c0 flushing  nmethod 0x000001943d3c7b90
Event: 1571.439 Thread 0x000001944ca790c0 flushing  nmethod 0x000001943d3da710
Event: 1571.439 Thread 0x000001944ca790c0 flushing  nmethod 0x000001943d574610
Event: 1571.439 Thread 0x000001944ca790c0 flushing  nmethod 0x000001943d578c90
Event: 1571.439 Thread 0x000001944ca790c0 flushing  nmethod 0x000001943d584e90
Event: 1571.439 Thread 0x000001944ca790c0 flushing  nmethod 0x000001943d590f90
Event: 1571.439 Thread 0x000001944ca790c0 flushing  nmethod 0x000001943d59f010
Event: 1571.439 Thread 0x000001944ca790c0 flushing  nmethod 0x000001943d5cc990
Event: 1571.439 Thread 0x000001944ca790c0 flushing  nmethod 0x000001943d600a90

Events (20 events):
Event: 1567.061 Thread 0x0000019462e61500 Thread added: 0x0000019459c43320
Event: 1567.951 Thread 0x000001944ca77fd0 Thread added: 0x0000019456f24d70
Event: 1567.951 Thread 0x000001944ca77fd0 Thread added: 0x0000019456f222f0
Event: 1567.951 Thread 0x000001944ca77fd0 Thread added: 0x0000019456f22d90
Event: 1568.541 Thread 0x0000019456f22d90 Thread exited: 0x0000019456f22d90
Event: 1568.541 Thread 0x0000019456f222f0 Thread exited: 0x0000019456f222f0
Event: 1568.541 Thread 0x0000019456f24d70 Thread exited: 0x0000019456f24d70
Event: 1568.656 Thread 0x0000019462e61500 Thread added: 0x0000019459c45180
Event: 1570.970 Thread 0x000001944ca77fd0 Thread added: 0x0000019456f24d70
Event: 1570.970 Thread 0x000001944ca77fd0 Thread added: 0x0000019456f252c0
Event: 1570.970 Thread 0x000001944ca77fd0 Thread added: 0x0000019456f26800
Event: 1571.201 Thread 0x0000019456f26800 Thread exited: 0x0000019456f26800
Event: 1571.201 Thread 0x0000019456f252c0 Thread exited: 0x0000019456f252c0
Event: 1571.673 Thread 0x0000019456f24d70 Thread exited: 0x0000019456f24d70
Event: 1572.069 Thread 0x0000019462e66600 Thread added: 0x0000019459c43830
Event: 1574.914 Thread 0x0000019459c45ba0 Thread added: 0x0000019462e66b10
Event: 1577.204 Thread 0x0000019462e66600 Thread added: 0x0000019462e63360
Event: 1579.009 Thread 0x0000019459c45ba0 Thread added: 0x0000019462e67530
Event: 1581.228 Thread 0x0000019459c45ba0 Thread added: 0x0000019462e67a40
Event: 1594.666 Thread 0x0000019459c45ba0 Thread added: 0x0000019462e605d0


Dynamic libraries:
0x00007ff758e00000 - 0x00007ff758e0e000 	c:\Users\Desktop-1\.vscode\extensions\redhat.java-1.36.0-win32-x64\jre\17.0.13-win32-x86_64\bin\java.exe
0x00007fff49b70000 - 0x00007fff49d87000 	C:\Windows\SYSTEM32\ntdll.dll
0x00007fff489b0000 - 0x00007fff48a74000 	C:\Windows\System32\KERNEL32.DLL
0x00007fff474d0000 - 0x00007fff47889000 	C:\Windows\System32\KERNELBASE.dll
0x00007fff471a0000 - 0x00007fff472b1000 	C:\Windows\System32\ucrtbase.dll
0x00007ffef4ef0000 - 0x00007ffef4f0e000 	c:\Users\Desktop-1\.vscode\extensions\redhat.java-1.36.0-win32-x64\jre\17.0.13-win32-x86_64\bin\VCRUNTIME140.dll
0x00007ffeffc40000 - 0x00007ffeffc57000 	c:\Users\Desktop-1\.vscode\extensions\redhat.java-1.36.0-win32-x64\jre\17.0.13-win32-x86_64\bin\jli.dll
0x00007fff48110000 - 0x00007fff482be000 	C:\Windows\System32\USER32.dll
0x00007fff3a890000 - 0x00007fff3ab22000 	C:\Windows\WinSxS\amd64_microsoft.windows.common-controls_6595b64144ccf1df_6.0.22621.4391_none_2715d37f73803e96\COMCTL32.dll
0x00007fff46e70000 - 0x00007fff46e96000 	C:\Windows\System32\win32u.dll
0x00007fff483c0000 - 0x00007fff48467000 	C:\Windows\System32\msvcrt.dll
0x00007fff48b90000 - 0x00007fff48bb9000 	C:\Windows\System32\GDI32.dll
0x00007fff46f10000 - 0x00007fff4702b000 	C:\Windows\System32\gdi32full.dll
0x00007fff47430000 - 0x00007fff474ca000 	C:\Windows\System32\msvcp_win.dll
0x00007fff480d0000 - 0x00007fff48101000 	C:\Windows\System32\IMM32.DLL
0x00007fff0c490000 - 0x00007fff0c49c000 	c:\Users\Desktop-1\.vscode\extensions\redhat.java-1.36.0-win32-x64\jre\17.0.13-win32-x86_64\bin\vcruntime140_1.dll
0x00007ffe034d0000 - 0x00007ffe0355d000 	c:\Users\Desktop-1\.vscode\extensions\redhat.java-1.36.0-win32-x64\jre\17.0.13-win32-x86_64\bin\msvcp140.dll
0x00007ffddbb50000 - 0x00007ffddc7bb000 	c:\Users\Desktop-1\.vscode\extensions\redhat.java-1.36.0-win32-x64\jre\17.0.13-win32-x86_64\bin\server\jvm.dll
0x00007fff48470000 - 0x00007fff48522000 	C:\Windows\System32\ADVAPI32.dll
0x00007fff48c30000 - 0x00007fff48cd7000 	C:\Windows\System32\sechost.dll
0x00007fff47030000 - 0x00007fff47058000 	C:\Windows\System32\bcrypt.dll
0x00007fff48cf0000 - 0x00007fff48e04000 	C:\Windows\System32\RPCRT4.dll
0x00007fff482c0000 - 0x00007fff48331000 	C:\Windows\System32\WS2_32.dll
0x00007fff45cc0000 - 0x00007fff45d0d000 	C:\Windows\SYSTEM32\POWRPROF.dll
0x00007fff3b9c0000 - 0x00007fff3b9f4000 	C:\Windows\SYSTEM32\WINMM.dll
0x00007fff3fdf0000 - 0x00007fff3fdfa000 	C:\Windows\SYSTEM32\VERSION.dll
0x00007fff45ca0000 - 0x00007fff45cb3000 	C:\Windows\SYSTEM32\UMPDC.dll
0x00007fff45f00000 - 0x00007fff45f18000 	C:\Windows\SYSTEM32\kernel.appcore.dll
0x00007fff0c180000 - 0x00007fff0c18a000 	c:\Users\Desktop-1\.vscode\extensions\redhat.java-1.36.0-win32-x64\jre\17.0.13-win32-x86_64\bin\jimage.dll
0x00007fff3aed0000 - 0x00007fff3b102000 	C:\Windows\SYSTEM32\DBGHELP.DLL
0x00007fff47b90000 - 0x00007fff47f1f000 	C:\Windows\System32\combase.dll
0x00007fff479f0000 - 0x00007fff47ac7000 	C:\Windows\System32\OLEAUT32.dll
0x00007fff334a0000 - 0x00007fff334d2000 	C:\Windows\SYSTEM32\dbgcore.DLL
0x00007fff47060000 - 0x00007fff470db000 	C:\Windows\System32\bcryptPrimitives.dll
0x00007fff03bd0000 - 0x00007fff03bde000 	c:\Users\Desktop-1\.vscode\extensions\redhat.java-1.36.0-win32-x64\jre\17.0.13-win32-x86_64\bin\instrument.dll
0x00007ffe20510000 - 0x00007ffe20535000 	c:\Users\Desktop-1\.vscode\extensions\redhat.java-1.36.0-win32-x64\jre\17.0.13-win32-x86_64\bin\java.dll
0x00007ffed90e0000 - 0x00007ffed90f8000 	c:\Users\Desktop-1\.vscode\extensions\redhat.java-1.36.0-win32-x64\jre\17.0.13-win32-x86_64\bin\zip.dll
0x00007fff48e70000 - 0x00007fff496e6000 	C:\Windows\System32\SHELL32.dll
0x00007fff44d70000 - 0x00007fff45673000 	C:\Windows\SYSTEM32\windows.storage.dll
0x00007fff44c30000 - 0x00007fff44d6f000 	C:\Windows\SYSTEM32\wintypes.dll
0x00007fff49930000 - 0x00007fff49a29000 	C:\Windows\System32\SHCORE.dll
0x00007fff48bd0000 - 0x00007fff48c2e000 	C:\Windows\System32\shlwapi.dll
0x00007fff46da0000 - 0x00007fff46dcb000 	C:\Windows\SYSTEM32\profapi.dll
0x00007ffed81d0000 - 0x00007ffed81e9000 	C:\Users\Desktop-1\.vscode\extensions\redhat.java-1.36.0-win32-x64\jre\17.0.13-win32-x86_64\bin\net.dll
0x00007fff40a70000 - 0x00007fff40ba6000 	C:\Windows\SYSTEM32\WINHTTP.dll
0x00007fff463d0000 - 0x00007fff46439000 	C:\Windows\system32\mswsock.dll
0x00007ffed5fd0000 - 0x00007ffed5fe6000 	C:\Users\Desktop-1\.vscode\extensions\redhat.java-1.36.0-win32-x64\jre\17.0.13-win32-x86_64\bin\nio.dll
0x00007fff03b10000 - 0x00007fff03b20000 	c:\Users\Desktop-1\.vscode\extensions\redhat.java-1.36.0-win32-x64\jre\17.0.13-win32-x86_64\bin\verify.dll
0x00007fff03410000 - 0x00007fff03455000 	C:\Users\Desktop-1\AppData\Roaming\Code\User\globalStorage\redhat.java\1.36.0\config_win\org.eclipse.equinox.launcher\org.eclipse.equinox.launcher.win32.win32.x86_64_1.2.1100.v20240722-2106\eclipse_11904.dll
0x00007fff47f20000 - 0x00007fff480c5000 	C:\Windows\System32\ole32.dll
0x00007fff2ae80000 - 0x00007fff2ae8a000 	C:\Users\Desktop-1\.vscode\extensions\redhat.java-1.36.0-win32-x64\jre\17.0.13-win32-x86_64\bin\management.dll
0x00007fff2ae70000 - 0x00007fff2ae7b000 	C:\Users\Desktop-1\.vscode\extensions\redhat.java-1.36.0-win32-x64\jre\17.0.13-win32-x86_64\bin\management_ext.dll
0x00007fff48bc0000 - 0x00007fff48bc8000 	C:\Windows\System32\PSAPI.DLL
0x00007fff46670000 - 0x00007fff4668b000 	C:\Windows\SYSTEM32\CRYPTSP.dll
0x00007fff45ec0000 - 0x00007fff45ef5000 	C:\Windows\system32\rsaenh.dll
0x00007fff46470000 - 0x00007fff46498000 	C:\Windows\SYSTEM32\USERENV.dll
0x00007fff465d0000 - 0x00007fff465dc000 	C:\Windows\SYSTEM32\CRYPTBASE.dll
0x00007fff45950000 - 0x00007fff4597d000 	C:\Windows\SYSTEM32\IPHLPAPI.DLL
0x00007fff48e10000 - 0x00007fff48e19000 	C:\Windows\System32\NSI.dll
0x00007fff429f0000 - 0x00007fff42a09000 	C:\Windows\SYSTEM32\dhcpcsvc6.DLL
0x00007fff429d0000 - 0x00007fff429ef000 	C:\Windows\SYSTEM32\dhcpcsvc.DLL
0x00007fff459c0000 - 0x00007fff45ac2000 	C:\Windows\SYSTEM32\DNSAPI.dll
0x00007fff03370000 - 0x00007fff033b9000 	C:\Users\Desktop-1\AppData\Local\Temp\jna--560062816\jna10072911357984823695.dll
0x00007fff2ae60000 - 0x00007fff2ae6e000 	C:\Users\Desktop-1\.vscode\extensions\redhat.java-1.36.0-win32-x64\jre\17.0.13-win32-x86_64\bin\sunmscapi.dll
0x00007fff472c0000 - 0x00007fff47426000 	C:\Windows\System32\CRYPT32.dll
0x00007fff46810000 - 0x00007fff4683d000 	C:\Windows\SYSTEM32\ncrypt.dll
0x00007fff467d0000 - 0x00007fff46807000 	C:\Windows\SYSTEM32\NTASN1.dll
0x00007fff3fa90000 - 0x00007fff3fa9a000 	C:\Windows\System32\rasadhlp.dll
0x00007fff3fe00000 - 0x00007fff3fe83000 	C:\Windows\System32\fwpuclnt.dll
0x00007fff2ae50000 - 0x00007fff2ae59000 	C:\Users\Desktop-1\.vscode\extensions\redhat.java-1.36.0-win32-x64\jre\17.0.13-win32-x86_64\bin\extnet.dll

dbghelp: loaded successfully - version: 4.0.5 - missing functions: none
symbol engine: initialized successfully - sym options: 0x614 - pdb path: .;c:\Users\Desktop-1\.vscode\extensions\redhat.java-1.36.0-win32-x64\jre\17.0.13-win32-x86_64\bin;C:\Windows\SYSTEM32;C:\Windows\WinSxS\amd64_microsoft.windows.common-controls_6595b64144ccf1df_6.0.22621.4391_none_2715d37f73803e96;c:\Users\Desktop-1\.vscode\extensions\redhat.java-1.36.0-win32-x64\jre\17.0.13-win32-x86_64\bin\server;C:\Users\Desktop-1\AppData\Roaming\Code\User\globalStorage\redhat.java\1.36.0\config_win\org.eclipse.equinox.launcher\org.eclipse.equinox.launcher.win32.win32.x86_64_1.2.1100.v20240722-2106;C:\Users\Desktop-1\AppData\Local\Temp\jna--560062816

VM Arguments:
jvm_args: --add-modules=ALL-SYSTEM --add-opens=java.base/java.util=ALL-UNNAMED --add-opens=java.base/java.lang=ALL-UNNAMED --add-opens=java.base/sun.nio.fs=ALL-UNNAMED -Declipse.application=org.eclipse.jdt.ls.core.id1 -Dosgi.bundles.defaultStartLevel=4 -Declipse.product=org.eclipse.jdt.ls.core.product -Djava.import.generatesMetadataFilesAtProjectRoot=false -DDetectVMInstallationsJob.disabled=true -Dfile.encoding=utf8 -XX:+UseParallelGC -XX:GCTimeRatio=4 -XX:AdaptiveSizePolicyWeight=90 -Dsun.zip.disableMemoryMapping=true -Xmx1G -Xms100m -Xlog:disable -javaagent:c:\Users\Desktop-1\.vscode\extensions\redhat.java-1.36.0-win32-x64\lombok\lombok-1.18.35.jar -XX:+HeapDumpOnOutOfMemoryError -XX:HeapDumpPath=c:\Users\Desktop-1\AppData\Roaming\Code\User\workspaceStorage\eaa905d4be386f0d67885a7c4810b5fb\redhat.java -Daether.dependencyCollector.impl=bf 
java_command: c:\Users\Desktop-1\.vscode\extensions\redhat.java-1.36.0-win32-x64\server\plugins\org.eclipse.equinox.launcher_1.6.900.v20240613-2009.jar -configuration c:\Users\Desktop-1\AppData\Roaming\Code\User\globalStorage\redhat.java\1.36.0\config_win -data c:\Users\Desktop-1\AppData\Roaming\Code\User\workspaceStorage\eaa905d4be386f0d67885a7c4810b5fb\redhat.java\jdt_ws --pipe=\\.\pipe\lsp-523a9aa901b23ac78f96cec3e19fcacc-sock
java_class_path (initial): c:\Users\Desktop-1\.vscode\extensions\redhat.java-1.36.0-win32-x64\server\plugins\org.eclipse.equinox.launcher_1.6.900.v20240613-2009.jar
Launcher Type: SUN_STANDARD

[Global flags]
    uintx AdaptiveSizePolicyWeight                 = 90                                        {product} {command line}
     intx CICompilerCount                          = 12                                        {product} {ergonomic}
    uintx GCTimeRatio                              = 4                                         {product} {command line}
     bool HeapDumpOnOutOfMemoryError               = true                                   {manageable} {command line}
    ccstr HeapDumpPath                             = c:\Users\Desktop-1\AppData\Roaming\Code\User\workspaceStorage\eaa905d4be386f0d67885a7c4810b5fb\redhat.java         {manageable} {command line}
   size_t InitialHeapSize                          = 104857600                                 {product} {command line}
   size_t MaxHeapSize                              = 1073741824                                {product} {command line}
   size_t MaxNewSize                               = 357564416                                 {product} {ergonomic}
   size_t MinHeapDeltaBytes                        = 524288                                    {product} {ergonomic}
   size_t MinHeapSize                              = 104857600                                 {product} {command line}
   size_t NewSize                                  = 34603008                                  {product} {ergonomic}
    uintx NonNMethodCodeHeapSize                   = 7602480                                {pd product} {ergonomic}
    uintx NonProfiledCodeHeapSize                  = 122027880                              {pd product} {ergonomic}
   size_t OldSize                                  = 70254592                                  {product} {ergonomic}
    uintx ProfiledCodeHeapSize                     = 122027880                              {pd product} {ergonomic}
    uintx ReservedCodeCacheSize                    = 251658240                              {pd product} {ergonomic}
     bool SegmentedCodeCache                       = true                                      {product} {ergonomic}
   size_t SoftMaxHeapSize                          = 1073741824                             {manageable} {ergonomic}
     bool UseCompressedClassPointers               = true                           {product lp64_product} {ergonomic}
     bool UseCompressedOops                        = true                           {product lp64_product} {ergonomic}
     bool UseLargePagesIndividualAllocation        = false                                  {pd product} {ergonomic}
     bool UseParallelGC                            = true                                      {product} {command line}

Logging:
Log output configuration:
 #0: stdout all=off uptime,level,tags
 #1: stderr all=off uptime,level,tags

Environment Variables:
JAVA_HOME=C:\Program Files\Java\jdk-23
PATH=C:\Program Files\Common Files\Oracle\Java\javapath;C:\Program Files (x86)\Common Files\Oracle\Java\java8path;C:\Program Files (x86)\Common Files\Oracle\Java\javapath;C:\Python312\Scripts\;C:\Python312\;C:\Program Files\Python310\Scripts\;C:\Program Files\Python310\;C:\Program Files (x86)\Eclipse Adoptium\jdk-17.0.9.9-hotspot\bin;C:\Windows\system32;C:\Windows;C:\Windows\System32\Wbem;C:\Windows\System32\WindowsPowerShell\v1.0\;C:\Windows\System32\OpenSSH\;C:\Program Files\NVIDIA Corporation\NVIDIA NvDLISR;C:\Program Files (x86)\NVIDIA Corporation\PhysX\Common;C:\Program Files\Git\cmd;C:\Program Files\nodejs\;C:\ProgramData\chocolatey\bin;C:\Program Files\dotnet\;C:\Program Files (x86)\WinMerge;C:\Program Files (x86)\Windows Kits\10\Windows Performance Toolkit\;C:\Program Files\Mullvad VPN\resources;C:\Program Files\Go\bin;C:\Program Files\GitHub CLI\;C:\Program Files\Java\apache-maven-3.9.9\bin;C:\Users\Desktop-1\.cargo\bin;C:\Users\Desktop-1\AppData\Local\Microsoft\WindowsApps;C:\Users\Desktop-1\AppData\Roaming\npm;C:\Users\Desktop-1\AppData\Local\Programs\Microsoft VS Code\bin;C:\Users\Desktop-1\AppData\Local\GitHubDesktop\bin;C:\Users\Desktop-1\.dotnet\tools;C:\Program Files\mitmproxy\bin;C:\Users\Desktop-1\go\bin;C:\Program Files\nasm-2.16.03;C:\Users\Desktop-1\.cargo\bin;C:\Users\Desktop-1\AppData\Local\Microsoft\WindowsApps;C:\Users\Desktop-1\AppData\Roaming\npm;C:\Users\Desktop-1\AppData\Local\Programs\Microsoft VS Code\bin;C:\Users\Desktop-1\AppData\Local\GitHubDesktop\bin;C:\Users\Desktop-1\.dotnet\tools;C:\Program Files\mitmproxy\bin;C:\Users\Desktop-1\go\bin
USERNAME=Desktop-1
OS=Windows_NT
PROCESSOR_IDENTIFIER=Intel64 Family 6 Model 183 Stepping 1, GenuineIntel
TMP=C:\Users\DESKTO~1\AppData\Local\Temp
TEMP=C:\Users\DESKTO~1\AppData\Local\Temp



Periodic native trim disabled


---------------  S Y S T E M  ---------------

OS:
 Windows 11 , 64 bit Build 22621 (10.0.22621.4391)
OS uptime: 1 days 1:02 hours
Hyper-V role detected

CPU: total 20 (initial active 20) (10 cores per cpu, 2 threads per core) family 6 model 183 stepping 1 microcode 0x12b, cx8, cmov, fxsr, ht, mmx, 3dnowpref, sse, sse2, sse3, ssse3, sse4.1, sse4.2, popcnt, lzcnt, tsc, tscinvbit, avx, avx2, aes, erms, clmul, bmi1, bmi2, adx, sha, fma, vzeroupper, clflush, clflushopt, clwb, hv
Processor Information for all 20 processors :
  Max Mhz: 3500, Current Mhz: 3500, Mhz Limit: 3500

Memory: 4k page, system-wide physical 65298M (35409M free)
TotalPageFile size 155410M (AvailPageFile size 98596M)
current process WorkingSet (physical memory assigned to process): 650M, peak: 931M
current process commit charge ("private bytes"): 557M, peak: 887M

vm_info: OpenJDK 64-Bit Server VM (17.0.13+11) for windows-amd64 JRE (17.0.13+11), built on Oct 16 2024 00:10:08 by "admin" with MS VC++ 17.7 (VS2022)

END.
